v ATLAS
# This file was created by ATLAS version 5.18.3.R on Fri Feb 19 16:15:10 2021.
#SSF 2.0 generic
##############################################################################
#                    Copyright © 1984 - 2012                                 #
#                    Silvaco Inc. All rights reserved                        #
#                                                                            #
# This file format and the following Key are copyright Silvaco Inc.          #
# You may not use, this format or key without reproducing this message in    #
# full and obtaining express written permission from Silvaco Inc.            #
#                                                                            #
# To obtain such permission please contact: Silvaco Inc.                     #
#                                           support@silvaco.com              #
#                                                                            #
# KEY=SVC86hn7562asdx                       PROD=345                         #
##############################################################################
y 3 700 711 15
z 1 0.02 300
f 4 "gate" "source" "drain" "substrate" 
p 12 2 601 20 3 602 21 4 603 22 5 604 23 
d 1.500000000e+000 1.500000000e+000 0.000000000e+000 0.000000000e+000 0.000000000e+000 1.604095029e-016 0.000000000e+000 0.000000000e+000 1.069358612e-016 0.000000000e+000 0.000000000e+000 1.771481129e-019 
d 1.500000000e+000 1.500000000e+000 0.000000000e+000 0.000000000e+000 0.000000000e+000 -1.275099980e-006 1.250000000e-002 1.250000000e-002 1.275099981e-006 0.000000000e+000 0.000000000e+000 -4.566995957e-017 
d 1.500000000e+000 1.500000000e+000 0.000000000e+000 0.000000000e+000 0.000000000e+000 -2.517284405e-006 2.500000000e-002 2.500000000e-002 2.517284406e-006 0.000000000e+000 0.000000000e+000 -8.539995055e-017 
d 1.500000000e+000 1.500000000e+000 0.000000000e+000 0.000000000e+000 0.000000000e+000 -4.902125561e-006 5.000000000e-002 5.000000000e-002 4.902125560e-006 0.000000000e+000 0.000000000e+000 -1.496129145e-016 
d 1.500000000e+000 1.500000000e+000 0.000000000e+000 0.000000000e+000 0.000000000e+000 -9.269479133e-006 1.000000000e-001 1.000000000e-001 9.269479133e-006 0.000000000e+000 0.000000000e+000 -2.426241654e-016 
d 1.500000000e+000 1.500000000e+000 0.000000000e+000 0.000000000e+000 0.000000000e+000 -1.638213883e-005 2.000000000e-001 2.000000000e-001 1.638213883e-005 0.000000000e+000 0.000000000e+000 -4.041695605e-016 
d 1.500000000e+000 1.500000000e+000 0.000000000e+000 0.000000000e+000 0.000000000e+000 -2.137746111e-005 3.000000000e-001 3.000000000e-001 2.137746111e-005 0.000000000e+000 0.000000000e+000 -5.489188863e-016 
d 1.500000000e+000 1.500000000e+000 0.000000000e+000 0.000000000e+000 0.000000000e+000 -2.445106692e-005 4.000000000e-001 4.000000000e-001 2.445106692e-005 0.000000000e+000 0.000000000e+000 -6.828854977e-016 
d 1.500000000e+000 1.500000000e+000 0.000000000e+000 0.000000000e+000 0.000000000e+000 -2.603609034e-005 5.000000000e-001 5.000000000e-001 2.603609034e-005 0.000000000e+000 0.000000000e+000 -7.894003798e-016 
d 1.500000000e+000 1.500000000e+000 0.000000000e+000 0.000000000e+000 0.000000000e+000 -2.678156919e-005 6.000000000e-001 6.000000000e-001 2.678156919e-005 0.000000000e+000 0.000000000e+000 -8.835126737e-016 
d 1.500000000e+000 1.500000000e+000 0.000000000e+000 0.000000000e+000 0.000000000e+000 -2.720278954e-005 7.000000000e-001 7.000000000e-001 2.720278954e-005 0.000000000e+000 0.000000000e+000 -9.671019767e-016 
d 1.500000000e+000 1.500000000e+000 0.000000000e+000 0.000000000e+000 0.000000000e+000 -2.750948431e-005 8.000000000e-001 8.000000000e-001 2.750948431e-005 0.000000000e+000 0.000000000e+000 -1.044223041e-015 
d 1.500000000e+000 1.500000000e+000 0.000000000e+000 0.000000000e+000 0.000000000e+000 -2.776783158e-005 9.000000000e-001 9.000000000e-001 2.776783158e-005 0.000000000e+000 0.000000000e+000 -1.125132510e-015 
d 1.500000000e+000 1.500000000e+000 0.000000000e+000 0.000000000e+000 0.000000000e+000 -2.799747147e-005 1.000000000e+000 1.000000000e+000 2.799747147e-005 0.000000000e+000 0.000000000e+000 -1.194279163e-015 
d 1.500000000e+000 1.500000000e+000 0.000000000e+000 0.000000000e+000 0.000000000e+000 -2.820543981e-005 1.100000000e+000 1.100000000e+000 2.820543981e-005 0.000000000e+000 0.000000000e+000 -1.275453062e-015 
d 1.500000000e+000 1.500000000e+000 0.000000000e+000 0.000000000e+000 0.000000000e+000 -2.839841097e-005 1.200000000e+000 1.200000000e+000 2.839841097e-005 0.000000000e+000 0.000000000e+000 -1.347217909e-015 
d 1.500000000e+000 1.500000000e+000 0.000000000e+000 0.000000000e+000 0.000000000e+000 -2.858123300e-005 1.300000000e+000 1.300000000e+000 2.858123300e-005 0.000000000e+000 0.000000000e+000 -1.422372121e-015 
d 1.500000000e+000 1.500000000e+000 0.000000000e+000 0.000000000e+000 0.000000000e+000 -2.875612872e-005 1.400000000e+000 1.400000000e+000 2.875612872e-005 0.000000000e+000 0.000000000e+000 -1.477015664e-015 
d 1.500000000e+000 1.500000000e+000 0.000000000e+000 0.000000000e+000 0.000000000e+000 -2.892421444e-005 1.500000000e+000 1.500000000e+000 2.892421443e-005 0.000000000e+000 0.000000000e+000 -1.498391300e-015 
d 1.500000000e+000 1.500000000e+000 0.000000000e+000 0.000000000e+000 0.000000000e+000 -2.908624259e-005 1.600000000e+000 1.600000000e+000 2.908624260e-005 0.000000000e+000 0.000000000e+000 -1.426600869e-015 
d 1.500000000e+000 1.500000000e+000 0.000000000e+000 0.000000000e+000 0.000000000e+000 -2.924280729e-005 1.700000000e+000 1.700000000e+000 2.924280729e-005 0.000000000e+000 0.000000000e+000 -1.091029029e-015 
d 1.500000000e+000 1.500000000e+000 0.000000000e+000 0.000000000e+000 0.000000000e+000 -2.939440602e-005 1.800000000e+000 1.800000000e+000 2.939440602e-005 0.000000000e+000 0.000000000e+000 3.044945958e-016 
d 1.500000000e+000 1.500000000e+000 0.000000000e+000 0.000000000e+000 0.000000000e+000 -2.954146741e-005 1.900000000e+000 1.900000000e+000 2.954146741e-005 0.000000000e+000 0.000000000e+000 6.640651016e-015 
d 1.500000000e+000 1.500000000e+000 0.000000000e+000 0.000000000e+000 0.000000000e+000 -2.968437044e-005 2.000000000e+000 2.000000000e+000 2.968437045e-005 0.000000000e+000 0.000000000e+000 3.754802413e-014 
d 1.500000000e+000 1.500000000e+000 0.000000000e+000 0.000000000e+000 0.000000000e+000 -2.982346196e-005 2.100000000e+000 2.100000000e+000 2.982346196e-005 0.000000000e+000 0.000000000e+000 -2.001087392e-015 
d 1.500000000e+000 1.500000000e+000 0.000000000e+000 0.000000000e+000 0.000000000e+000 -2.995907291e-005 2.200000000e+000 2.200000000e+000 2.995907290e-005 0.000000000e+000 0.000000000e+000 -2.022487318e-015 
d 1.500000000e+000 1.500000000e+000 0.000000000e+000 0.000000000e+000 0.000000000e+000 -3.009152173e-005 2.300000000e+000 2.300000000e+000 3.009152173e-005 0.000000000e+000 0.000000000e+000 -2.035580112e-015 
d 1.500000000e+000 1.500000000e+000 0.000000000e+000 0.000000000e+000 0.000000000e+000 -3.022108737e-005 2.400000000e+000 2.400000000e+000 3.022108738e-005 0.000000000e+000 0.000000000e+000 -2.045824941e-015 
d 1.500000000e+000 1.500000000e+000 0.000000000e+000 0.000000000e+000 0.000000000e+000 -3.034798888e-005 2.500000000e+000 2.500000000e+000 3.034798888e-005 0.000000000e+000 0.000000000e+000 -2.055559953e-015 
d 1.500000000e+000 1.500000000e+000 0.000000000e+000 0.000000000e+000 0.000000000e+000 -3.047239963e-005 2.600000000e+000 2.600000000e+000 3.047239963e-005 0.000000000e+000 0.000000000e+000 -2.066835422e-015 
d 1.500000000e+000 1.500000000e+000 0.000000000e+000 0.000000000e+000 0.000000000e+000 -3.059446508e-005 2.700000000e+000 2.700000000e+000 3.059446508e-005 0.000000000e+000 0.000000000e+000 -2.087824005e-015 
d 1.500000000e+000 1.500000000e+000 0.000000000e+000 0.000000000e+000 0.000000000e+000 -3.071431272e-005 2.800000000e+000 2.800000000e+000 3.071431271e-005 0.000000000e+000 0.000000000e+000 -2.150251239e-015 
d 1.500000000e+000 1.500000000e+000 0.000000000e+000 0.000000000e+000 0.000000000e+000 -3.083205760e-005 2.900000000e+000 2.900000000e+000 3.083205760e-005 0.000000000e+000 0.000000000e+000 -2.232674734e-015 
d 1.500000000e+000 1.500000000e+000 0.000000000e+000 0.000000000e+000 0.000000000e+000 -3.094780589e-005 3.000000000e+000 3.000000000e+000 3.094780588e-005 0.000000000e+000 0.000000000e+000 -2.556489460e-015 
d 1.500000000e+000 1.500000000e+000 0.000000000e+000 0.000000000e+000 0.000000000e+000 -3.106165696e-005 3.100000000e+000 3.100000000e+000 3.106165696e-005 0.000000000e+000 0.000000000e+000 -2.782716049e-015 
d 1.500000000e+000 1.500000000e+000 0.000000000e+000 0.000000000e+000 0.000000000e+000 -3.117370404e-005 3.200000000e+000 3.200000000e+000 3.117370405e-005 0.000000000e+000 0.000000000e+000 -2.889575289e-015 
d 1.500000000e+000 1.500000000e+000 0.000000000e+000 0.000000000e+000 0.000000000e+000 -3.128403489e-005 3.300000000e+000 3.300000000e+000 3.128403489e-005 0.000000000e+000 0.000000000e+000 -2.942102916e-015 
d 1.500000000e+000 1.500000000e+000 0.000000000e+000 0.000000000e+000 0.000000000e+000 -3.139273338e-005 3.400000000e+000 3.400000000e+000 3.139273338e-005 0.000000000e+000 0.000000000e+000 -2.974202448e-015 
d 1.500000000e+000 1.500000000e+000 0.000000000e+000 0.000000000e+000 0.000000000e+000 -3.149988115e-005 3.500000000e+000 3.500000000e+000 3.149988114e-005 0.000000000e+000 0.000000000e+000 -2.997638706e-015 
d 1.500000000e+000 1.500000000e+000 0.000000000e+000 0.000000000e+000 0.000000000e+000 -3.160555654e-005 3.600000000e+000 3.600000000e+000 3.160555655e-005 0.000000000e+000 0.000000000e+000 -3.017978449e-015 
d 1.500000000e+000 1.500000000e+000 0.000000000e+000 0.000000000e+000 0.000000000e+000 -3.170983060e-005 3.700000000e+000 3.700000000e+000 3.170983058e-005 0.000000000e+000 0.000000000e+000 -3.036227946e-015 
d 1.500000000e+000 1.500000000e+000 0.000000000e+000 0.000000000e+000 0.000000000e+000 -3.181276406e-005 3.800000000e+000 3.800000000e+000 3.181276405e-005 0.000000000e+000 0.000000000e+000 -3.052543207e-015 
d 1.500000000e+000 1.500000000e+000 0.000000000e+000 0.000000000e+000 0.000000000e+000 -3.191440902e-005 3.900000000e+000 3.900000000e+000 3.191440902e-005 0.000000000e+000 0.000000000e+000 -3.066558428e-015 
d 1.500000000e+000 1.500000000e+000 0.000000000e+000 0.000000000e+000 0.000000000e+000 -3.201481286e-005 4.000000000e+000 4.000000000e+000 3.201481284e-005 0.000000000e+000 0.000000000e+000 -3.079110366e-015 
d 1.500000000e+000 1.500000000e+000 0.000000000e+000 0.000000000e+000 0.000000000e+000 -3.211402114e-005 4.100000000e+000 4.100000000e+000 3.211402115e-005 0.000000000e+000 0.000000000e+000 -3.089930211e-015 
d 1.500000000e+000 1.500000000e+000 0.000000000e+000 0.000000000e+000 0.000000000e+000 -3.221207805e-005 4.200000000e+000 4.200000000e+000 3.221207804e-005 0.000000000e+000 0.000000000e+000 -3.099836875e-015 
d 1.500000000e+000 1.500000000e+000 0.000000000e+000 0.000000000e+000 0.000000000e+000 -3.230902488e-005 4.300000000e+000 4.300000000e+000 3.230902489e-005 0.000000000e+000 0.000000000e+000 -3.110284632e-015 
d 1.500000000e+000 1.500000000e+000 0.000000000e+000 0.000000000e+000 0.000000000e+000 -3.240489823e-005 4.400000000e+000 4.400000000e+000 3.240489823e-005 0.000000000e+000 0.000000000e+000 -3.120627314e-015 
d 1.500000000e+000 1.500000000e+000 0.000000000e+000 0.000000000e+000 0.000000000e+000 -3.249972915e-005 4.500000000e+000 4.500000000e+000 3.249972915e-005 0.000000000e+000 0.000000000e+000 -3.129534431e-015 
d 1.500000000e+000 1.500000000e+000 0.000000000e+000 0.000000000e+000 0.000000000e+000 -3.259354428e-005 4.600000000e+000 4.600000000e+000 3.259354429e-005 0.000000000e+000 0.000000000e+000 -3.137783273e-015 
d 1.500000000e+000 1.500000000e+000 0.000000000e+000 0.000000000e+000 0.000000000e+000 -3.268636811e-005 4.700000000e+000 4.700000000e+000 3.268636812e-005 0.000000000e+000 0.000000000e+000 -3.146766156e-015 
d 1.500000000e+000 1.500000000e+000 0.000000000e+000 0.000000000e+000 0.000000000e+000 -3.277822568e-005 4.800000000e+000 4.800000000e+000 3.277822571e-005 0.000000000e+000 0.000000000e+000 -3.156722570e-015 
d 1.500000000e+000 1.500000000e+000 0.000000000e+000 0.000000000e+000 0.000000000e+000 -3.286914442e-005 4.900000000e+000 4.900000000e+000 3.286914443e-005 0.000000000e+000 0.000000000e+000 -3.166756053e-015 
d 1.500000000e+000 1.500000000e+000 0.000000000e+000 0.000000000e+000 0.000000000e+000 -3.295915505e-005 5.000000000e+000 5.000000000e+000 3.295915505e-005 0.000000000e+000 0.000000000e+000 -3.175308730e-015 
