v ATLAS
# This file was created by ATLAS version 5.18.3.R on Fri Feb 19 16:15:23 2021.
#SSF 2.0 generic
##############################################################################
#                    Copyright © 1984 - 2012                                 #
#                    Silvaco Inc. All rights reserved                        #
#                                                                            #
# This file format and the following Key are copyright Silvaco Inc.          #
# You may not use, this format or key without reproducing this message in    #
# full and obtaining express written permission from Silvaco Inc.            #
#                                                                            #
# To obtain such permission please contact: Silvaco Inc.                     #
#                                           support@silvaco.com              #
#                                                                            #
# KEY=SVC86hn7562asdx                       PROD=345                         #
##############################################################################
y 3 700 711 15
z 1 0.02 300
f 4 "gate" "source" "drain" "substrate" 
p 12 2 601 20 3 602 21 4 603 22 5 604 23 
d 2.000000000e+000 2.000000000e+000 0.000000000e+000 0.000000000e+000 0.000000000e+000 -1.069432041e-016 0.000000000e+000 0.000000000e+000 1.069350453e-016 0.000000000e+000 0.000000000e+000 1.108578000e-019 
d 2.000000000e+000 2.000000000e+000 0.000000000e+000 0.000000000e+000 0.000000000e+000 -2.124741008e-006 1.250000000e-002 1.250000000e-002 2.124741009e-006 0.000000000e+000 0.000000000e+000 -4.572484399e-017 
d 2.000000000e+000 2.000000000e+000 0.000000000e+000 0.000000000e+000 0.000000000e+000 -4.216969193e-006 2.500000000e-002 2.500000000e-002 4.216969193e-006 0.000000000e+000 0.000000000e+000 -8.526256656e-017 
d 2.000000000e+000 2.000000000e+000 0.000000000e+000 0.000000000e+000 0.000000000e+000 -8.302016857e-006 5.000000000e-002 5.000000000e-002 8.302016857e-006 0.000000000e+000 0.000000000e+000 -1.498658634e-016 
d 2.000000000e+000 2.000000000e+000 0.000000000e+000 0.000000000e+000 0.000000000e+000 -1.606235670e-005 1.000000000e-001 1.000000000e-001 1.606235670e-005 0.000000000e+000 0.000000000e+000 -2.437395912e-016 
d 2.000000000e+000 2.000000000e+000 0.000000000e+000 0.000000000e+000 0.000000000e+000 -2.986351463e-005 2.000000000e-001 2.000000000e-001 2.986351463e-005 0.000000000e+000 0.000000000e+000 -4.075528279e-016 
d 2.000000000e+000 2.000000000e+000 0.000000000e+000 0.000000000e+000 0.000000000e+000 -4.127077725e-005 3.000000000e-001 3.000000000e-001 4.127077725e-005 0.000000000e+000 0.000000000e+000 -5.566628004e-016 
d 2.000000000e+000 2.000000000e+000 0.000000000e+000 0.000000000e+000 0.000000000e+000 -5.025111447e-005 4.000000000e-001 4.000000000e-001 5.025111447e-005 0.000000000e+000 0.000000000e+000 -6.972585963e-016 
d 2.000000000e+000 2.000000000e+000 0.000000000e+000 0.000000000e+000 0.000000000e+000 -5.688234901e-005 5.000000000e-001 5.000000000e-001 5.688234901e-005 0.000000000e+000 0.000000000e+000 -8.125841196e-016 
d 2.000000000e+000 2.000000000e+000 0.000000000e+000 0.000000000e+000 0.000000000e+000 -6.137267705e-005 6.000000000e-001 6.000000000e-001 6.137267705e-005 0.000000000e+000 0.000000000e+000 -9.167555729e-016 
d 2.000000000e+000 2.000000000e+000 0.000000000e+000 0.000000000e+000 0.000000000e+000 -6.410368185e-005 7.000000000e-001 7.000000000e-001 6.410368185e-005 0.000000000e+000 0.000000000e+000 -1.008361845e-015 
d 2.000000000e+000 2.000000000e+000 0.000000000e+000 0.000000000e+000 0.000000000e+000 -6.564209494e-005 8.000000000e-001 8.000000000e-001 6.564209494e-005 0.000000000e+000 0.000000000e+000 -1.090854531e-015 
d 2.000000000e+000 2.000000000e+000 0.000000000e+000 0.000000000e+000 0.000000000e+000 -6.655980706e-005 9.000000000e-001 9.000000000e-001 6.655980706e-005 0.000000000e+000 0.000000000e+000 -1.174640427e-015 
d 2.000000000e+000 2.000000000e+000 0.000000000e+000 0.000000000e+000 0.000000000e+000 -6.720538855e-005 1.000000000e+000 1.000000000e+000 6.720538855e-005 0.000000000e+000 0.000000000e+000 -1.245625080e-015 
d 2.000000000e+000 2.000000000e+000 0.000000000e+000 0.000000000e+000 0.000000000e+000 -6.773090013e-005 1.100000000e+000 1.100000000e+000 6.773090013e-005 0.000000000e+000 0.000000000e+000 -1.327597317e-015 
d 2.000000000e+000 2.000000000e+000 0.000000000e+000 0.000000000e+000 0.000000000e+000 -6.819217620e-005 1.200000000e+000 1.200000000e+000 6.819217620e-005 0.000000000e+000 0.000000000e+000 -1.400975870e-015 
d 2.000000000e+000 2.000000000e+000 0.000000000e+000 0.000000000e+000 0.000000000e+000 -6.860691504e-005 1.300000000e+000 1.300000000e+000 6.860691504e-005 0.000000000e+000 0.000000000e+000 -1.478252808e-015 
d 2.000000000e+000 2.000000000e+000 0.000000000e+000 0.000000000e+000 0.000000000e+000 -6.898509282e-005 1.400000000e+000 1.400000000e+000 6.898509282e-005 0.000000000e+000 0.000000000e+000 -1.562886631e-015 
d 2.000000000e+000 2.000000000e+000 0.000000000e+000 0.000000000e+000 0.000000000e+000 -6.933763877e-005 1.500000000e+000 1.500000000e+000 6.933763876e-005 0.000000000e+000 0.000000000e+000 -1.626381385e-015 
d 2.000000000e+000 2.000000000e+000 0.000000000e+000 0.000000000e+000 0.000000000e+000 -6.967223315e-005 1.600000000e+000 1.600000000e+000 6.967223315e-005 0.000000000e+000 0.000000000e+000 -1.486078961e-015 
d 2.000000000e+000 2.000000000e+000 0.000000000e+000 0.000000000e+000 0.000000000e+000 -6.999255340e-005 1.700000000e+000 1.700000000e+000 6.999255339e-005 0.000000000e+000 0.000000000e+000 -1.151895294e-015 
d 2.000000000e+000 2.000000000e+000 0.000000000e+000 0.000000000e+000 0.000000000e+000 -7.030055487e-005 1.800000000e+000 1.800000000e+000 7.030055487e-005 0.000000000e+000 0.000000000e+000 2.378876478e-016 
d 2.000000000e+000 2.000000000e+000 0.000000000e+000 0.000000000e+000 0.000000000e+000 -7.059757988e-005 1.900000000e+000 1.900000000e+000 7.059757988e-005 0.000000000e+000 0.000000000e+000 6.548079953e-015 
d 2.000000000e+000 2.000000000e+000 0.000000000e+000 0.000000000e+000 0.000000000e+000 -7.088469958e-005 2.000000000e+000 2.000000000e+000 7.088469958e-005 0.000000000e+000 0.000000000e+000 3.733323186e-014 
d 2.000000000e+000 2.000000000e+000 0.000000000e+000 0.000000000e+000 0.000000000e+000 -7.116283633e-005 2.100000000e+000 2.100000000e+000 7.116283633e-005 0.000000000e+000 0.000000000e+000 -2.060396066e-015 
d 2.000000000e+000 2.000000000e+000 0.000000000e+000 0.000000000e+000 0.000000000e+000 -7.143282667e-005 2.200000000e+000 2.200000000e+000 7.143282668e-005 0.000000000e+000 0.000000000e+000 -2.081790621e-015 
d 2.000000000e+000 2.000000000e+000 0.000000000e+000 0.000000000e+000 0.000000000e+000 -7.169544175e-005 2.300000000e+000 2.300000000e+000 7.169544176e-005 0.000000000e+000 0.000000000e+000 -2.095080408e-015 
d 2.000000000e+000 2.000000000e+000 0.000000000e+000 0.000000000e+000 0.000000000e+000 -7.195134156e-005 2.400000000e+000 2.400000000e+000 7.195134157e-005 0.000000000e+000 0.000000000e+000 -2.105469005e-015 
d 2.000000000e+000 2.000000000e+000 0.000000000e+000 0.000000000e+000 0.000000000e+000 -7.220104333e-005 2.500000000e+000 2.500000000e+000 7.220104333e-005 0.000000000e+000 0.000000000e+000 -2.114910872e-015 
d 2.000000000e+000 2.000000000e+000 0.000000000e+000 0.000000000e+000 0.000000000e+000 -7.244496341e-005 2.600000000e+000 2.600000000e+000 7.244496342e-005 0.000000000e+000 0.000000000e+000 -2.125799001e-015 
d 2.000000000e+000 2.000000000e+000 0.000000000e+000 0.000000000e+000 0.000000000e+000 -7.268346189e-005 2.700000000e+000 2.700000000e+000 7.268346189e-005 0.000000000e+000 0.000000000e+000 -2.146709250e-015 
d 2.000000000e+000 2.000000000e+000 0.000000000e+000 0.000000000e+000 0.000000000e+000 -7.291686428e-005 2.800000000e+000 2.800000000e+000 7.291686429e-005 0.000000000e+000 0.000000000e+000 -2.208801753e-015 
d 2.000000000e+000 2.000000000e+000 0.000000000e+000 0.000000000e+000 0.000000000e+000 -7.314547240e-005 2.900000000e+000 2.900000000e+000 7.314547240e-005 0.000000000e+000 0.000000000e+000 -2.289551704e-015 
d 2.000000000e+000 2.000000000e+000 0.000000000e+000 0.000000000e+000 0.000000000e+000 -7.336957115e-005 3.000000000e+000 3.000000000e+000 7.336957114e-005 0.000000000e+000 0.000000000e+000 -2.613889031e-015 
d 2.000000000e+000 2.000000000e+000 0.000000000e+000 0.000000000e+000 0.000000000e+000 -7.358942761e-005 3.100000000e+000 3.100000000e+000 7.358942761e-005 0.000000000e+000 0.000000000e+000 -2.841086800e-015 
d 2.000000000e+000 2.000000000e+000 0.000000000e+000 0.000000000e+000 0.000000000e+000 -7.380527896e-005 3.200000000e+000 3.200000000e+000 7.380527896e-005 0.000000000e+000 0.000000000e+000 -2.947721852e-015 
d 2.000000000e+000 2.000000000e+000 0.000000000e+000 0.000000000e+000 0.000000000e+000 -7.401732598e-005 3.300000000e+000 3.300000000e+000 7.401732599e-005 0.000000000e+000 0.000000000e+000 -3.000273626e-015 
d 2.000000000e+000 2.000000000e+000 0.000000000e+000 0.000000000e+000 0.000000000e+000 -7.422574095e-005 3.400000000e+000 3.400000000e+000 7.422574095e-005 0.000000000e+000 0.000000000e+000 -3.032066466e-015 
d 2.000000000e+000 2.000000000e+000 0.000000000e+000 0.000000000e+000 0.000000000e+000 -7.443067763e-005 3.500000000e+000 3.500000000e+000 7.443067763e-005 0.000000000e+000 0.000000000e+000 -3.056118846e-015 
d 2.000000000e+000 2.000000000e+000 0.000000000e+000 0.000000000e+000 0.000000000e+000 -7.463227654e-005 3.600000000e+000 3.600000000e+000 7.463227654e-005 0.000000000e+000 0.000000000e+000 -3.076910921e-015 
d 2.000000000e+000 2.000000000e+000 0.000000000e+000 0.000000000e+000 0.000000000e+000 -7.483066722e-005 3.700000000e+000 3.700000000e+000 7.483066722e-005 0.000000000e+000 0.000000000e+000 -3.095318880e-015 
d 2.000000000e+000 2.000000000e+000 0.000000000e+000 0.000000000e+000 0.000000000e+000 -7.502597184e-005 3.800000000e+000 3.800000000e+000 7.502597183e-005 0.000000000e+000 0.000000000e+000 -3.111391441e-015 
d 2.000000000e+000 2.000000000e+000 0.000000000e+000 0.000000000e+000 0.000000000e+000 -7.521831128e-005 3.900000000e+000 3.900000000e+000 7.521831129e-005 0.000000000e+000 0.000000000e+000 -3.125170182e-015 
d 2.000000000e+000 2.000000000e+000 0.000000000e+000 0.000000000e+000 0.000000000e+000 -7.540781064e-005 4.000000000e+000 4.000000000e+000 7.540781064e-005 0.000000000e+000 0.000000000e+000 -3.137201103e-015 
d 2.000000000e+000 2.000000000e+000 0.000000000e+000 0.000000000e+000 0.000000000e+000 -7.559460102e-005 4.100000000e+000 4.100000000e+000 7.559460100e-005 0.000000000e+000 0.000000000e+000 -3.147544907e-015 
d 2.000000000e+000 2.000000000e+000 0.000000000e+000 0.000000000e+000 0.000000000e+000 -7.577881707e-005 4.200000000e+000 4.200000000e+000 7.577881707e-005 0.000000000e+000 0.000000000e+000 -3.157548736e-015 
d 2.000000000e+000 2.000000000e+000 0.000000000e+000 0.000000000e+000 0.000000000e+000 -7.596059179e-005 4.300000000e+000 4.300000000e+000 7.596059181e-005 0.000000000e+000 0.000000000e+000 -3.167940423e-015 
d 2.000000000e+000 2.000000000e+000 0.000000000e+000 0.000000000e+000 0.000000000e+000 -7.614004994e-005 4.400000000e+000 4.400000000e+000 7.614004995e-005 0.000000000e+000 0.000000000e+000 -3.178164158e-015 
d 2.000000000e+000 2.000000000e+000 0.000000000e+000 0.000000000e+000 0.000000000e+000 -7.631730003e-005 4.500000000e+000 4.500000000e+000 7.631730005e-005 0.000000000e+000 0.000000000e+000 -3.186981950e-015 
d 2.000000000e+000 2.000000000e+000 0.000000000e+000 0.000000000e+000 0.000000000e+000 -7.649242812e-005 4.600000000e+000 4.600000000e+000 7.649242814e-005 0.000000000e+000 0.000000000e+000 -3.195574291e-015 
d 2.000000000e+000 2.000000000e+000 0.000000000e+000 0.000000000e+000 0.000000000e+000 -7.666549988e-005 4.700000000e+000 4.700000000e+000 7.666549989e-005 0.000000000e+000 0.000000000e+000 -3.204760547e-015 
d 2.000000000e+000 2.000000000e+000 0.000000000e+000 0.000000000e+000 0.000000000e+000 -7.683656866e-005 4.800000000e+000 4.800000000e+000 7.683656867e-005 0.000000000e+000 0.000000000e+000 -3.214774041e-015 
d 2.000000000e+000 2.000000000e+000 0.000000000e+000 0.000000000e+000 0.000000000e+000 -7.700568253e-005 4.900000000e+000 4.900000000e+000 7.700568252e-005 0.000000000e+000 0.000000000e+000 -3.224160864e-015 
d 2.000000000e+000 2.000000000e+000 0.000000000e+000 0.000000000e+000 0.000000000e+000 -7.717288801e-005 5.000000000e+000 5.000000000e+000 7.717288800e-005 0.000000000e+000 0.000000000e+000 -3.232016099e-015 
