v ATLAS
# This file was created by ATLAS version 5.18.3.R on Fri Feb 19 16:14:34 2021.
#SSF 2.0 generic
##############################################################################
#                    Copyright © 1984 - 2012                                 #
#                    Silvaco Inc. All rights reserved                        #
#                                                                            #
# This file format and the following Key are copyright Silvaco Inc.          #
# You may not use, this format or key without reproducing this message in    #
# full and obtaining express written permission from Silvaco Inc.            #
#                                                                            #
# To obtain such permission please contact: Silvaco Inc.                     #
#                                           support@silvaco.com              #
#                                                                            #
# KEY=SVC86hn7562asdx                       PROD=345                         #
##############################################################################
y 3 700 711 15
z 1 0.02 300
f 4 "gate" "source" "drain" "substrate" 
p 12 2 601 20 3 602 21 4 603 22 5 604 23 
d 1.000000000e-001 1.000000000e-001 0.000000000e+000 0.000000000e+000 0.000000000e+000 5.347037823e-017 0.000000000e+000 0.000000000e+000 5.346874647e-017 0.000000000e+000 0.000000000e+000 1.488982411e-020 
d 1.000000000e-001 1.000000000e-001 0.000000000e+000 0.000000000e+000 0.000000000e+000 -7.142014278e-014 1.250000000e-002 1.250000000e-002 7.104600795e-014 0.000000000e+000 0.000000000e+000 -4.501857444e-017 
d 1.000000000e-001 1.000000000e-001 0.000000000e+000 0.000000000e+000 0.000000000e+000 -1.155412372e-013 2.500000000e-002 2.500000000e-002 1.157554058e-013 0.000000000e+000 0.000000000e+000 -8.259838722e-017 
d 1.000000000e-001 1.000000000e-001 0.000000000e+000 0.000000000e+000 0.000000000e+000 -1.600918006e-013 5.000000000e-002 5.000000000e-002 1.603061638e-013 0.000000000e+000 0.000000000e+000 -1.410999003e-016 
d 1.000000000e-001 1.000000000e-001 0.000000000e+000 0.000000000e+000 0.000000000e+000 -1.840626233e-013 1.000000000e-001 1.000000000e-001 1.848119620e-013 0.000000000e+000 0.000000000e+000 -2.190664433e-016 
d 1.000000000e-001 1.000000000e-001 0.000000000e+000 0.000000000e+000 0.000000000e+000 -1.911532513e-013 2.000000000e-001 2.000000000e-001 1.917960800e-013 0.000000000e+000 0.000000000e+000 -3.524445206e-016 
d 1.000000000e-001 1.000000000e-001 0.000000000e+000 0.000000000e+000 0.000000000e+000 -1.936256377e-013 3.000000000e-001 3.000000000e-001 1.935737512e-013 0.000000000e+000 0.000000000e+000 -4.754224179e-016 
d 1.000000000e-001 1.000000000e-001 0.000000000e+000 0.000000000e+000 0.000000000e+000 -1.960969544e-013 4.000000000e-001 4.000000000e-001 1.963662517e-013 0.000000000e+000 0.000000000e+000 -5.937288807e-016 
d 1.000000000e-001 1.000000000e-001 0.000000000e+000 0.000000000e+000 0.000000000e+000 -1.981934229e-013 5.000000000e-001 5.000000000e-001 1.991581239e-013 0.000000000e+000 0.000000000e+000 -6.902121027e-016 
d 1.000000000e-001 1.000000000e-001 0.000000000e+000 0.000000000e+000 0.000000000e+000 -2.001824733e-013 6.000000000e-001 6.000000000e-001 2.001315448e-013 0.000000000e+000 0.000000000e+000 -7.801132383e-016 
d 1.000000000e-001 1.000000000e-001 0.000000000e+000 0.000000000e+000 0.000000000e+000 -2.027058269e-013 7.000000000e-001 7.000000000e-001 2.017996497e-013 0.000000000e+000 0.000000000e+000 -8.640994254e-016 
d 1.000000000e-001 1.000000000e-001 0.000000000e+000 0.000000000e+000 0.000000000e+000 -2.042663662e-013 8.000000000e-001 8.000000000e-001 2.062478130e-013 0.000000000e+000 0.000000000e+000 -9.445454880e-016 
d 1.000000000e-001 1.000000000e-001 0.000000000e+000 0.000000000e+000 0.000000000e+000 -2.062543404e-013 9.000000000e-001 9.000000000e-001 2.059903365e-013 0.000000000e+000 0.000000000e+000 -1.029650181e-015 
d 1.000000000e-001 1.000000000e-001 0.000000000e+000 0.000000000e+000 0.000000000e+000 -2.081351006e-013 1.000000000e+000 1.000000000e+000 2.100635903e-013 0.000000000e+000 0.000000000e+000 -1.101194671e-015 
d 1.000000000e-001 1.000000000e-001 0.000000000e+000 0.000000000e+000 0.000000000e+000 -2.100156120e-013 1.100000000e+000 1.100000000e+000 2.143504710e-013 0.000000000e+000 0.000000000e+000 -1.182888737e-015 
d 1.000000000e-001 1.000000000e-001 0.000000000e+000 0.000000000e+000 0.000000000e+000 -2.113077224e-013 1.200000000e+000 1.200000000e+000 2.120068984e-013 0.000000000e+000 0.000000000e+000 -1.256099728e-015 
d 1.000000000e-001 1.000000000e-001 0.000000000e+000 0.000000000e+000 0.000000000e+000 -2.134551353e-013 1.300000000e+000 1.300000000e+000 2.161329233e-013 0.000000000e+000 0.000000000e+000 -1.333137838e-015 
d 1.000000000e-001 1.000000000e-001 0.000000000e+000 0.000000000e+000 0.000000000e+000 -2.150676681e-013 1.400000000e+000 1.400000000e+000 2.191359373e-013 0.000000000e+000 0.000000000e+000 -1.418038278e-015 
d 1.000000000e-001 1.000000000e-001 0.000000000e+000 0.000000000e+000 0.000000000e+000 -2.167869631e-013 1.500000000e+000 1.500000000e+000 2.164709452e-013 0.000000000e+000 0.000000000e+000 -1.483289021e-015 
d 1.000000000e-001 1.000000000e-001 0.000000000e+000 0.000000000e+000 0.000000000e+000 -2.183456821e-013 1.600000000e+000 1.600000000e+000 2.228955633e-013 0.000000000e+000 0.000000000e+000 -1.534433095e-015 
d 1.000000000e-001 1.000000000e-001 0.000000000e+000 0.000000000e+000 0.000000000e+000 -2.196903776e-013 1.700000000e+000 1.700000000e+000 2.142416244e-013 0.000000000e+000 0.000000000e+000 -1.596534887e-015 
d 1.000000000e-001 1.000000000e-001 0.000000000e+000 0.000000000e+000 0.000000000e+000 -2.213557542e-013 1.800000000e+000 1.800000000e+000 2.125386879e-013 0.000000000e+000 0.000000000e+000 -1.691252818e-015 
d 1.000000000e-001 1.000000000e-001 0.000000000e+000 0.000000000e+000 0.000000000e+000 -2.232348802e-013 1.900000000e+000 1.900000000e+000 2.234010137e-013 0.000000000e+000 0.000000000e+000 -1.803491464e-015 
d 1.000000000e-001 1.000000000e-001 0.000000000e+000 0.000000000e+000 0.000000000e+000 -2.246326586e-013 2.000000000e+000 2.000000000e+000 2.207888041e-013 0.000000000e+000 0.000000000e+000 -1.886129926e-015 
d 1.000000000e-001 1.000000000e-001 0.000000000e+000 0.000000000e+000 0.000000000e+000 -2.257629757e-013 2.100000000e+000 2.100000000e+000 2.186576771e-013 0.000000000e+000 0.000000000e+000 -1.930729097e-015 
d 1.000000000e-001 1.000000000e-001 0.000000000e+000 0.000000000e+000 0.000000000e+000 -2.274278882e-013 2.200000000e+000 2.200000000e+000 2.303215184e-013 0.000000000e+000 0.000000000e+000 -1.954822843e-015 
d 1.000000000e-001 1.000000000e-001 0.000000000e+000 0.000000000e+000 0.000000000e+000 -2.288788350e-013 2.300000000e+000 2.300000000e+000 2.286179153e-013 0.000000000e+000 0.000000000e+000 -1.970732328e-015 
d 1.000000000e-001 1.000000000e-001 0.000000000e+000 0.000000000e+000 0.000000000e+000 -2.303296930e-013 2.400000000e+000 2.400000000e+000 2.245615021e-013 0.000000000e+000 0.000000000e+000 -1.983398035e-015 
d 1.000000000e-001 1.000000000e-001 0.000000000e+000 0.000000000e+000 0.000000000e+000 -2.315665951e-013 2.500000000e+000 2.500000000e+000 2.372944018e-013 0.000000000e+000 0.000000000e+000 -1.995188599e-015 
d 1.000000000e-001 1.000000000e-001 0.000000000e+000 0.000000000e+000 0.000000000e+000 -2.331242502e-013 2.600000000e+000 2.600000000e+000 2.323289033e-013 0.000000000e+000 0.000000000e+000 -2.009017327e-015 
d 1.000000000e-001 1.000000000e-001 0.000000000e+000 0.000000000e+000 0.000000000e+000 -2.345214265e-013 2.700000000e+000 2.700000000e+000 2.318012243e-013 0.000000000e+000 0.000000000e+000 -2.032331442e-015 
d 1.000000000e-001 1.000000000e-001 0.000000000e+000 0.000000000e+000 0.000000000e+000 -2.357046453e-013 2.800000000e+000 2.800000000e+000 2.291883114e-013 0.000000000e+000 0.000000000e+000 -2.097355033e-015 
d 1.000000000e-001 1.000000000e-001 0.000000000e+000 0.000000000e+000 0.000000000e+000 -2.372086318e-013 2.900000000e+000 2.900000000e+000 2.421350478e-013 0.000000000e+000 0.000000000e+000 -2.280417446e-015 
d 1.000000000e-001 1.000000000e-001 0.000000000e+000 0.000000000e+000 0.000000000e+000 -2.386056228e-013 3.000000000e+000 3.000000000e+000 2.379182316e-013 0.000000000e+000 0.000000000e+000 -2.572083186e-015 
d 1.000000000e-001 1.000000000e-001 0.000000000e+000 0.000000000e+000 0.000000000e+000 -2.398421530e-013 3.100000000e+000 3.100000000e+000 2.358936153e-013 0.000000000e+000 0.000000000e+000 -2.778227524e-015 
d 1.000000000e-001 1.000000000e-001 0.000000000e+000 0.000000000e+000 0.000000000e+000 -2.409716803e-013 3.200000000e+000 3.200000000e+000 2.341361372e-013 0.000000000e+000 0.000000000e+000 -2.872824795e-015 
d 1.000000000e-001 1.000000000e-001 0.000000000e+000 0.000000000e+000 0.000000000e+000 -2.424754563e-013 3.300000000e+000 3.300000000e+000 2.433397936e-013 0.000000000e+000 0.000000000e+000 -2.920422281e-015 
d 1.000000000e-001 1.000000000e-001 0.000000000e+000 0.000000000e+000 0.000000000e+000 -2.434444787e-013 3.400000000e+000 3.400000000e+000 2.538800578e-013 0.000000000e+000 0.000000000e+000 -2.950759751e-015 
d 1.000000000e-001 1.000000000e-001 0.000000000e+000 0.000000000e+000 0.000000000e+000 -2.449481690e-013 3.500000000e+000 3.500000000e+000 2.521757066e-013 0.000000000e+000 0.000000000e+000 -2.973360648e-015 
d 1.000000000e-001 1.000000000e-001 0.000000000e+000 0.000000000e+000 0.000000000e+000 -2.464517965e-013 3.600000000e+000 3.600000000e+000 2.492950249e-013 0.000000000e+000 0.000000000e+000 -2.992150178e-015 
d 1.000000000e-001 1.000000000e-001 0.000000000e+000 0.000000000e+000 0.000000000e+000 -2.475811158e-013 3.700000000e+000 3.700000000e+000 2.479112569e-013 0.000000000e+000 0.000000000e+000 -3.008741380e-015 
d 1.000000000e-001 1.000000000e-001 0.000000000e+000 0.000000000e+000 0.000000000e+000 -2.487103902e-013 3.800000000e+000 3.800000000e+000 2.467950218e-013 0.000000000e+000 0.000000000e+000 -3.024440913e-015 
d 1.000000000e-001 1.000000000e-001 0.000000000e+000 0.000000000e+000 0.000000000e+000 -2.502139157e-013 3.900000000e+000 3.900000000e+000 2.421496635e-013 0.000000000e+000 0.000000000e+000 -3.039639395e-015 
d 1.000000000e-001 1.000000000e-001 0.000000000e+000 0.000000000e+000 0.000000000e+000 -2.518243395e-013 4.000000000e+000 4.000000000e+000 2.391083431e-013 0.000000000e+000 0.000000000e+000 -3.054623520e-015 
d 1.000000000e-001 1.000000000e-001 0.000000000e+000 0.000000000e+000 0.000000000e+000 -2.528465712e-013 4.100000000e+000 4.100000000e+000 2.634433505e-013 0.000000000e+000 0.000000000e+000 -3.068470543e-015 
d 1.000000000e-001 1.000000000e-001 0.000000000e+000 0.000000000e+000 0.000000000e+000 -2.540826518e-013 4.200000000e+000 4.200000000e+000 2.623803411e-013 0.000000000e+000 0.000000000e+000 -3.080499739e-015 
d 1.000000000e-001 1.000000000e-001 0.000000000e+000 0.000000000e+000 0.000000000e+000 -2.551582870e-013 4.300000000e+000 4.300000000e+000 2.599806016e-013 0.000000000e+000 0.000000000e+000 -3.092049434e-015 
d 1.000000000e-001 1.000000000e-001 0.000000000e+000 0.000000000e+000 0.000000000e+000 -2.562873559e-013 4.400000000e+000 4.400000000e+000 2.567787321e-013 0.000000000e+000 0.000000000e+000 -3.104044759e-015 
d 1.000000000e-001 1.000000000e-001 0.000000000e+000 0.000000000e+000 0.000000000e+000 -2.576302834e-013 4.500000000e+000 4.500000000e+000 2.540045188e-013 0.000000000e+000 0.000000000e+000 -3.115493417e-015 
d 1.000000000e-001 1.000000000e-001 0.000000000e+000 0.000000000e+000 0.000000000e+000 -2.583315451e-013 4.600000000e+000 4.600000000e+000 2.521929225e-013 0.000000000e+000 0.000000000e+000 -3.125158240e-015 
d 1.000000000e-001 1.000000000e-001 0.000000000e+000 0.000000000e+000 0.000000000e+000 -2.601556416e-013 4.700000000e+000 4.700000000e+000 2.475472403e-013 0.000000000e+000 0.000000000e+000 -3.134201104e-015 
d 1.000000000e-001 1.000000000e-001 0.000000000e+000 0.000000000e+000 0.000000000e+000 -2.611242038e-013 4.800000000e+000 4.800000000e+000 2.479277385e-013 0.000000000e+000 0.000000000e+000 -3.144021361e-015 
d 1.000000000e-001 1.000000000e-001 0.000000000e+000 0.000000000e+000 0.000000000e+000 -2.624135484e-013 4.900000000e+000 4.900000000e+000 2.742408488e-013 0.000000000e+000 0.000000000e+000 -3.155781717e-015 
d 1.000000000e-001 1.000000000e-001 0.000000000e+000 0.000000000e+000 0.000000000e+000 -2.637028831e-013 5.000000000e+000 5.000000000e+000 2.718409005e-013 0.000000000e+000 0.000000000e+000 -3.168278735e-015 
