v ATLAS
# This file was created by ATLAS version 5.18.3.R on Fri Feb 19 16:05:25 2021.
#SSF 2.0 generic
##############################################################################
#                    Copyright © 1984 - 2012                                 #
#                    Silvaco Inc. All rights reserved                        #
#                                                                            #
# This file format and the following Key are copyright Silvaco Inc.          #
# You may not use, this format or key without reproducing this message in    #
# full and obtaining express written permission from Silvaco Inc.            #
#                                                                            #
# To obtain such permission please contact: Silvaco Inc.                     #
#                                           support@silvaco.com              #
#                                                                            #
# KEY=SVC86hn7562asdx                       PROD=345                         #
##############################################################################
y 3 700 711 15
z 1 0.02 300
f 4 "gate" "source" "drain" "substrate" 
p 12 2 601 20 3 602 21 4 603 22 5 604 23 
d 0.000000000e+000 0.000000000e+000 0.000000000e+000 0.000000000e+000 0.000000000e+000 -2.499046724e-014 5.000000000e-001 5.000000000e-001 2.686376982e-014 0.000000000e+000 0.000000000e+000 -6.733521151e-016 
d 1.000000000e-001 1.000000000e-001 0.000000000e+000 0.000000000e+000 0.000000000e+000 -1.981934213e-013 5.000000000e-001 5.000000000e-001 1.991581419e-013 0.000000000e+000 0.000000000e+000 -6.902312759e-016 
d 2.000000000e-001 2.000000000e-001 0.000000000e+000 0.000000000e+000 0.000000000e+000 -1.662451891e-012 5.000000000e-001 5.000000000e-001 1.663954041e-012 0.000000000e+000 0.000000000e+000 -6.988136678e-016 
d 3.000000000e-001 3.000000000e-001 0.000000000e+000 0.000000000e+000 0.000000000e+000 -1.479820745e-011 5.000000000e-001 5.000000000e-001 1.479845056e-011 0.000000000e+000 0.000000000e+000 -6.984040667e-016 
d 4.000000000e-001 4.000000000e-001 0.000000000e+000 0.000000000e+000 0.000000000e+000 -1.387521525e-010 5.000000000e-001 5.000000000e-001 1.387523035e-010 0.000000000e+000 0.000000000e+000 -6.961395916e-016 
d 5.000000000e-001 5.000000000e-001 0.000000000e+000 0.000000000e+000 0.000000000e+000 -1.357683004e-009 5.000000000e-001 5.000000000e-001 1.357684656e-009 0.000000000e+000 0.000000000e+000 -6.933337837e-016 
d 6.000000000e-001 6.000000000e-001 0.000000000e+000 0.000000000e+000 0.000000000e+000 -1.344392434e-008 5.000000000e-001 5.000000000e-001 1.344392499e-008 0.000000000e+000 0.000000000e+000 -6.918546137e-016 
d 7.000000000e-001 7.000000000e-001 0.000000000e+000 0.000000000e+000 0.000000000e+000 -1.151242610e-007 5.000000000e-001 5.000000000e-001 1.151242613e-007 0.000000000e+000 0.000000000e+000 -6.933934492e-016 
d 8.000000000e-001 8.000000000e-001 0.000000000e+000 0.000000000e+000 0.000000000e+000 -6.020528513e-007 5.000000000e-001 5.000000000e-001 6.020528529e-007 0.000000000e+000 0.000000000e+000 -7.021745180e-016 
d 9.000000000e-001 9.000000000e-001 0.000000000e+000 0.000000000e+000 0.000000000e+000 -1.826603597e-006 5.000000000e-001 5.000000000e-001 1.826603599e-006 0.000000000e+000 0.000000000e+000 -7.157539826e-016 
d 1.000000000e+000 1.000000000e+000 0.000000000e+000 0.000000000e+000 0.000000000e+000 -3.929996965e-006 5.000000000e-001 5.000000000e-001 3.929996965e-006 0.000000000e+000 0.000000000e+000 -7.307502873e-016 
d 1.100000000e+000 1.100000000e+000 0.000000000e+000 0.000000000e+000 0.000000000e+000 -6.914113231e-006 5.000000000e-001 5.000000000e-001 6.914113232e-006 0.000000000e+000 0.000000000e+000 -7.452520566e-016 
d 1.200000000e+000 1.200000000e+000 0.000000000e+000 0.000000000e+000 0.000000000e+000 -1.072219454e-005 5.000000000e-001 5.000000000e-001 1.072219454e-005 0.000000000e+000 0.000000000e+000 -7.585470471e-016 
d 1.300000000e+000 1.300000000e+000 0.000000000e+000 0.000000000e+000 0.000000000e+000 -1.526437326e-005 5.000000000e-001 5.000000000e-001 1.526437326e-005 0.000000000e+000 0.000000000e+000 -7.703295903e-016 
d 1.400000000e+000 1.400000000e+000 0.000000000e+000 0.000000000e+000 0.000000000e+000 -2.041924503e-005 5.000000000e-001 5.000000000e-001 2.041924503e-005 0.000000000e+000 0.000000000e+000 -7.806736775e-016 
d 1.500000000e+000 1.500000000e+000 0.000000000e+000 0.000000000e+000 0.000000000e+000 -2.603609034e-005 5.000000000e-001 5.000000000e-001 2.603609034e-005 0.000000000e+000 0.000000000e+000 -7.894575934e-016 
d 1.600000000e+000 1.600000000e+000 0.000000000e+000 0.000000000e+000 0.000000000e+000 -3.196162964e-005 5.000000000e-001 5.000000000e-001 3.196162964e-005 0.000000000e+000 0.000000000e+000 -7.962442415e-016 
d 1.700000000e+000 1.700000000e+000 0.000000000e+000 0.000000000e+000 0.000000000e+000 -3.807423242e-005 5.000000000e-001 5.000000000e-001 3.807423242e-005 0.000000000e+000 0.000000000e+000 -8.017499897e-016 
d 1.800000000e+000 1.800000000e+000 0.000000000e+000 0.000000000e+000 0.000000000e+000 -4.429398915e-005 5.000000000e-001 5.000000000e-001 4.429398915e-005 0.000000000e+000 0.000000000e+000 -8.061255933e-016 
d 1.900000000e+000 1.900000000e+000 0.000000000e+000 0.000000000e+000 0.000000000e+000 -5.057285735e-005 5.000000000e-001 5.000000000e-001 5.057285735e-005 0.000000000e+000 0.000000000e+000 -8.099159974e-016 
d 2.000000000e+000 2.000000000e+000 0.000000000e+000 0.000000000e+000 0.000000000e+000 -5.688234932e-005 5.000000000e-001 5.000000000e-001 5.688234932e-005 0.000000000e+000 0.000000000e+000 -8.128330652e-016 
d 2.100000000e+000 2.100000000e+000 0.000000000e+000 0.000000000e+000 0.000000000e+000 -6.320514470e-005 5.000000000e-001 5.000000000e-001 6.320514470e-005 0.000000000e+000 0.000000000e+000 -8.151689052e-016 
d 2.200000000e+000 2.200000000e+000 0.000000000e+000 0.000000000e+000 0.000000000e+000 -6.953031241e-005 5.000000000e-001 5.000000000e-001 6.953031241e-005 0.000000000e+000 0.000000000e+000 -8.174507685e-016 
d 2.300000000e+000 2.300000000e+000 0.000000000e+000 0.000000000e+000 0.000000000e+000 -7.585067985e-005 5.000000000e-001 5.000000000e-001 7.585067985e-005 0.000000000e+000 0.000000000e+000 -8.193628735e-016 
d 2.400000000e+000 2.400000000e+000 0.000000000e+000 0.000000000e+000 0.000000000e+000 -8.216136999e-005 5.000000000e-001 5.000000000e-001 8.216136999e-005 0.000000000e+000 0.000000000e+000 -8.208475458e-016 
d 2.500000000e+000 2.500000000e+000 0.000000000e+000 0.000000000e+000 0.000000000e+000 -8.845896293e-005 5.000000000e-001 5.000000000e-001 8.845896293e-005 0.000000000e+000 0.000000000e+000 -8.223663053e-016 
