v ATLAS
# This file was created by ATLAS version 5.18.3.R on Fri Feb 19 16:14:57 2021.
#SSF 2.0 generic
##############################################################################
#                    Copyright © 1984 - 2012                                 #
#                    Silvaco Inc. All rights reserved                        #
#                                                                            #
# This file format and the following Key are copyright Silvaco Inc.          #
# You may not use, this format or key without reproducing this message in    #
# full and obtaining express written permission from Silvaco Inc.            #
#                                                                            #
# To obtain such permission please contact: Silvaco Inc.                     #
#                                           support@silvaco.com              #
#                                                                            #
# KEY=SVC86hn7562asdx                       PROD=345                         #
##############################################################################
y 3 700 711 15
z 1 0.02 300
f 4 "gate" "source" "drain" "substrate" 
p 12 2 601 20 3 602 21 4 603 22 5 604 23 
d 1.000000000e+000 1.000000000e+000 0.000000000e+000 0.000000000e+000 0.000000000e+000 -4.079403866e-021 0.000000000e+000 0.000000000e+000 1.069383088e-016 0.000000000e+000 0.000000000e+000 -9.892554374e-020 
d 1.000000000e+000 1.000000000e+000 0.000000000e+000 0.000000000e+000 0.000000000e+000 -4.283514370e-007 1.250000000e-002 1.250000000e-002 4.283514369e-007 0.000000000e+000 0.000000000e+000 -4.579637733e-017 
d 1.000000000e+000 1.000000000e+000 0.000000000e+000 0.000000000e+000 0.000000000e+000 -8.251397177e-007 2.500000000e-002 2.500000000e-002 8.251397178e-007 0.000000000e+000 0.000000000e+000 -8.494106382e-017 
d 1.000000000e+000 1.000000000e+000 0.000000000e+000 0.000000000e+000 0.000000000e+000 -1.525954209e-006 5.000000000e-002 5.000000000e-002 1.525954209e-006 0.000000000e+000 0.000000000e+000 -1.485672633e-016 
d 1.000000000e+000 1.000000000e+000 0.000000000e+000 0.000000000e+000 0.000000000e+000 -2.575991122e-006 1.000000000e-001 1.000000000e-001 2.575991123e-006 0.000000000e+000 0.000000000e+000 -2.388290697e-016 
d 1.000000000e+000 1.000000000e+000 0.000000000e+000 0.000000000e+000 0.000000000e+000 -3.548438945e-006 2.000000000e-001 2.000000000e-001 3.548438945e-006 0.000000000e+000 0.000000000e+000 -3.881858097e-016 
d 1.000000000e+000 1.000000000e+000 0.000000000e+000 0.000000000e+000 0.000000000e+000 -3.783771316e-006 3.000000000e-001 3.000000000e-001 3.783771316e-006 0.000000000e+000 0.000000000e+000 -5.159574837e-016 
d 1.000000000e+000 1.000000000e+000 0.000000000e+000 0.000000000e+000 0.000000000e+000 -3.870434268e-006 4.000000000e-001 4.000000000e-001 3.870434270e-006 0.000000000e+000 0.000000000e+000 -6.348305552e-016 
d 1.000000000e+000 1.000000000e+000 0.000000000e+000 0.000000000e+000 0.000000000e+000 -3.929996965e-006 5.000000000e-001 5.000000000e-001 3.929996965e-006 0.000000000e+000 0.000000000e+000 -7.307880217e-016 
d 1.000000000e+000 1.000000000e+000 0.000000000e+000 0.000000000e+000 0.000000000e+000 -3.980070255e-006 6.000000000e-001 6.000000000e-001 3.980070258e-006 0.000000000e+000 0.000000000e+000 -8.191030959e-016 
d 1.000000000e+000 1.000000000e+000 0.000000000e+000 0.000000000e+000 0.000000000e+000 -4.024636512e-006 7.000000000e-001 7.000000000e-001 4.024636512e-006 0.000000000e+000 0.000000000e+000 -8.995070778e-016 
d 1.000000000e+000 1.000000000e+000 0.000000000e+000 0.000000000e+000 0.000000000e+000 -4.065264980e-006 8.000000000e-001 8.000000000e-001 4.065264981e-006 0.000000000e+000 0.000000000e+000 -9.748744802e-016 
d 1.000000000e+000 1.000000000e+000 0.000000000e+000 0.000000000e+000 0.000000000e+000 -4.103337814e-006 9.000000000e-001 9.000000000e-001 4.103337813e-006 0.000000000e+000 0.000000000e+000 -1.054688417e-015 
d 1.000000000e+000 1.000000000e+000 0.000000000e+000 0.000000000e+000 0.000000000e+000 -4.139619770e-006 1.000000000e+000 1.000000000e+000 4.139619766e-006 0.000000000e+000 0.000000000e+000 -1.122202643e-015 
d 1.000000000e+000 1.000000000e+000 0.000000000e+000 0.000000000e+000 0.000000000e+000 -4.174442848e-006 1.100000000e+000 1.100000000e+000 4.174442853e-006 0.000000000e+000 0.000000000e+000 -1.195721528e-015 
d 1.000000000e+000 1.000000000e+000 0.000000000e+000 0.000000000e+000 0.000000000e+000 -4.207995238e-006 1.200000000e+000 1.200000000e+000 4.207995241e-006 0.000000000e+000 0.000000000e+000 -1.264253957e-015 
d 1.000000000e+000 1.000000000e+000 0.000000000e+000 0.000000000e+000 0.000000000e+000 -4.240414958e-006 1.300000000e+000 1.300000000e+000 4.240414962e-006 0.000000000e+000 0.000000000e+000 -1.332570768e-015 
d 1.000000000e+000 1.000000000e+000 0.000000000e+000 0.000000000e+000 0.000000000e+000 -4.271814146e-006 1.400000000e+000 1.400000000e+000 4.271814147e-006 0.000000000e+000 0.000000000e+000 -1.399615562e-015 
d 1.000000000e+000 1.000000000e+000 0.000000000e+000 0.000000000e+000 0.000000000e+000 -4.302287325e-006 1.500000000e+000 1.500000000e+000 4.302287323e-006 0.000000000e+000 0.000000000e+000 -1.421243863e-015 
d 1.000000000e+000 1.000000000e+000 0.000000000e+000 0.000000000e+000 0.000000000e+000 -4.331915680e-006 1.600000000e+000 1.600000000e+000 4.331915680e-006 0.000000000e+000 0.000000000e+000 -1.348905494e-015 
d 1.000000000e+000 1.000000000e+000 0.000000000e+000 0.000000000e+000 0.000000000e+000 -4.360769889e-006 1.700000000e+000 1.700000000e+000 4.360769883e-006 0.000000000e+000 0.000000000e+000 -1.012477603e-015 
d 1.000000000e+000 1.000000000e+000 0.000000000e+000 0.000000000e+000 0.000000000e+000 -4.388912211e-006 1.800000000e+000 1.800000000e+000 4.388912209e-006 0.000000000e+000 0.000000000e+000 3.850999029e-016 
d 1.000000000e+000 1.000000000e+000 0.000000000e+000 0.000000000e+000 0.000000000e+000 -4.416398220e-006 1.900000000e+000 1.900000000e+000 4.416398232e-006 0.000000000e+000 0.000000000e+000 6.733043982e-015 
d 1.000000000e+000 1.000000000e+000 0.000000000e+000 0.000000000e+000 0.000000000e+000 -4.443278517e-006 2.000000000e+000 2.000000000e+000 4.443278510e-006 0.000000000e+000 0.000000000e+000 3.769304073e-014 
d 1.000000000e+000 1.000000000e+000 0.000000000e+000 0.000000000e+000 0.000000000e+000 -4.469600838e-006 2.100000000e+000 2.100000000e+000 4.469600838e-006 0.000000000e+000 0.000000000e+000 -1.923183174e-015 
d 1.000000000e+000 1.000000000e+000 0.000000000e+000 0.000000000e+000 0.000000000e+000 -4.495412405e-006 2.200000000e+000 2.200000000e+000 4.495412412e-006 0.000000000e+000 0.000000000e+000 -1.944736120e-015 
d 1.000000000e+000 1.000000000e+000 0.000000000e+000 0.000000000e+000 0.000000000e+000 -4.520760074e-006 2.300000000e+000 2.300000000e+000 4.520760077e-006 0.000000000e+000 0.000000000e+000 -1.958048712e-015 
d 1.000000000e+000 1.000000000e+000 0.000000000e+000 0.000000000e+000 0.000000000e+000 -4.545684778e-006 2.400000000e+000 2.400000000e+000 4.545684782e-006 0.000000000e+000 0.000000000e+000 -1.968392168e-015 
d 1.000000000e+000 1.000000000e+000 0.000000000e+000 0.000000000e+000 0.000000000e+000 -4.570217553e-006 2.500000000e+000 2.500000000e+000 4.570217560e-006 0.000000000e+000 0.000000000e+000 -1.978230699e-015 
d 1.000000000e+000 1.000000000e+000 0.000000000e+000 0.000000000e+000 0.000000000e+000 -4.594382570e-006 2.600000000e+000 2.600000000e+000 4.594382566e-006 0.000000000e+000 0.000000000e+000 -1.989484546e-015 
d 1.000000000e+000 1.000000000e+000 0.000000000e+000 0.000000000e+000 0.000000000e+000 -4.618200591e-006 2.700000000e+000 2.700000000e+000 4.618200599e-006 0.000000000e+000 0.000000000e+000 -2.010638640e-015 
d 1.000000000e+000 1.000000000e+000 0.000000000e+000 0.000000000e+000 0.000000000e+000 -4.641690443e-006 2.800000000e+000 2.800000000e+000 4.641690439e-006 0.000000000e+000 0.000000000e+000 -2.073505410e-015 
d 1.000000000e+000 1.000000000e+000 0.000000000e+000 0.000000000e+000 0.000000000e+000 -4.664869555e-006 2.900000000e+000 2.900000000e+000 4.664869558e-006 0.000000000e+000 0.000000000e+000 -2.157155500e-015 
d 1.000000000e+000 1.000000000e+000 0.000000000e+000 0.000000000e+000 0.000000000e+000 -4.687754157e-006 3.000000000e+000 3.000000000e+000 4.687754161e-006 0.000000000e+000 0.000000000e+000 -2.480349657e-015 
d 1.000000000e+000 1.000000000e+000 0.000000000e+000 0.000000000e+000 0.000000000e+000 -4.710359387e-006 3.100000000e+000 3.100000000e+000 4.710359380e-006 0.000000000e+000 0.000000000e+000 -2.705499743e-015 
d 1.000000000e+000 1.000000000e+000 0.000000000e+000 0.000000000e+000 0.000000000e+000 -4.732699267e-006 3.200000000e+000 3.200000000e+000 4.732699260e-006 0.000000000e+000 0.000000000e+000 -2.811879288e-015 
d 1.000000000e+000 1.000000000e+000 0.000000000e+000 0.000000000e+000 0.000000000e+000 -4.754786658e-006 3.300000000e+000 3.300000000e+000 4.754786659e-006 0.000000000e+000 0.000000000e+000 -2.865238587e-015 
d 1.000000000e+000 1.000000000e+000 0.000000000e+000 0.000000000e+000 0.000000000e+000 -4.776633361e-006 3.400000000e+000 3.400000000e+000 4.776633378e-006 0.000000000e+000 0.000000000e+000 -2.897503206e-015 
d 1.000000000e+000 1.000000000e+000 0.000000000e+000 0.000000000e+000 0.000000000e+000 -4.798250285e-006 3.500000000e+000 3.500000000e+000 4.798250294e-006 0.000000000e+000 0.000000000e+000 -2.920997049e-015 
d 1.000000000e+000 1.000000000e+000 0.000000000e+000 0.000000000e+000 0.000000000e+000 -4.819647395e-006 3.600000000e+000 3.600000000e+000 4.819647401e-006 0.000000000e+000 0.000000000e+000 -2.940774400e-015 
d 1.000000000e+000 1.000000000e+000 0.000000000e+000 0.000000000e+000 0.000000000e+000 -4.840833470e-006 3.700000000e+000 3.700000000e+000 4.840833466e-006 0.000000000e+000 0.000000000e+000 -2.959135721e-015 
d 1.000000000e+000 1.000000000e+000 0.000000000e+000 0.000000000e+000 0.000000000e+000 -4.861816039e-006 3.800000000e+000 3.800000000e+000 4.861816046e-006 0.000000000e+000 0.000000000e+000 -2.975573405e-015 
d 1.000000000e+000 1.000000000e+000 0.000000000e+000 0.000000000e+000 0.000000000e+000 -4.882601777e-006 3.900000000e+000 3.900000000e+000 4.882601778e-006 0.000000000e+000 0.000000000e+000 -2.990114188e-015 
d 1.000000000e+000 1.000000000e+000 0.000000000e+000 0.000000000e+000 0.000000000e+000 -4.903197203e-006 4.000000000e+000 4.000000000e+000 4.903197196e-006 0.000000000e+000 0.000000000e+000 -3.003005862e-015 
d 1.000000000e+000 1.000000000e+000 0.000000000e+000 0.000000000e+000 0.000000000e+000 -4.923609239e-006 4.100000000e+000 4.100000000e+000 4.923609247e-006 0.000000000e+000 0.000000000e+000 -3.014059469e-015 
d 1.000000000e+000 1.000000000e+000 0.000000000e+000 0.000000000e+000 0.000000000e+000 -4.943845358e-006 4.200000000e+000 4.200000000e+000 4.943845349e-006 0.000000000e+000 0.000000000e+000 -3.024182140e-015 
d 1.000000000e+000 1.000000000e+000 0.000000000e+000 0.000000000e+000 0.000000000e+000 -4.963913253e-006 4.300000000e+000 4.300000000e+000 4.963913253e-006 0.000000000e+000 0.000000000e+000 -3.034289672e-015 
d 1.000000000e+000 1.000000000e+000 0.000000000e+000 0.000000000e+000 0.000000000e+000 -4.983820282e-006 4.400000000e+000 4.400000000e+000 4.983820304e-006 0.000000000e+000 0.000000000e+000 -3.044608485e-015 
d 1.000000000e+000 1.000000000e+000 0.000000000e+000 0.000000000e+000 0.000000000e+000 -5.003572957e-006 4.500000000e+000 4.500000000e+000 5.003572961e-006 0.000000000e+000 0.000000000e+000 -3.053819004e-015 
d 1.000000000e+000 1.000000000e+000 0.000000000e+000 0.000000000e+000 0.000000000e+000 -5.023176755e-006 4.600000000e+000 4.600000000e+000 5.023176764e-006 0.000000000e+000 0.000000000e+000 -3.061891662e-015 
d 1.000000000e+000 1.000000000e+000 0.000000000e+000 0.000000000e+000 0.000000000e+000 -5.042636315e-006 4.700000000e+000 4.700000000e+000 5.042636318e-006 0.000000000e+000 0.000000000e+000 -3.070274507e-015 
d 1.000000000e+000 1.000000000e+000 0.000000000e+000 0.000000000e+000 0.000000000e+000 -5.061955827e-006 4.800000000e+000 4.800000000e+000 5.061955842e-006 0.000000000e+000 0.000000000e+000 -3.080222338e-015 
d 1.000000000e+000 1.000000000e+000 0.000000000e+000 0.000000000e+000 0.000000000e+000 -5.081139411e-006 4.900000000e+000 4.900000000e+000 5.081139395e-006 0.000000000e+000 0.000000000e+000 -3.090594996e-015 
d 1.000000000e+000 1.000000000e+000 0.000000000e+000 0.000000000e+000 0.000000000e+000 -5.100191321e-006 5.000000000e+000 5.000000000e+000 5.100191320e-006 0.000000000e+000 0.000000000e+000 -3.100068863e-015 
