v ATLAS
# This file was created by ATLAS version 5.18.3.R on Fri Feb 19 16:14:45 2021.
#SSF 2.0 generic
##############################################################################
#                    Copyright © 1984 - 2012                                 #
#                    Silvaco Inc. All rights reserved                        #
#                                                                            #
# This file format and the following Key are copyright Silvaco Inc.          #
# You may not use, this format or key without reproducing this message in    #
# full and obtaining express written permission from Silvaco Inc.            #
#                                                                            #
# To obtain such permission please contact: Silvaco Inc.                     #
#                                           support@silvaco.com              #
#                                                                            #
# KEY=SVC86hn7562asdx                       PROD=345                         #
##############################################################################
y 3 700 711 15
z 1 0.02 300
f 4 "gate" "source" "drain" "substrate" 
p 12 2 601 20 3 602 21 4 603 22 5 604 23 
d 5.000000000e-001 5.000000000e-001 0.000000000e+000 0.000000000e+000 0.000000000e+000 -1.604062394e-016 0.000000000e+000 0.000000000e+000 1.069399406e-016 0.000000000e+000 0.000000000e+000 -2.733200590e-020 
d 5.000000000e-001 5.000000000e-001 0.000000000e+000 0.000000000e+000 0.000000000e+000 -4.757955337e-010 1.250000000e-002 1.250000000e-002 4.757957790e-010 0.000000000e+000 0.000000000e+000 -4.535964284e-017 
d 5.000000000e-001 5.000000000e-001 0.000000000e+000 0.000000000e+000 0.000000000e+000 -7.726367751e-010 2.500000000e-002 2.500000000e-002 7.726369292e-010 0.000000000e+000 0.000000000e+000 -8.338955927e-017 
d 5.000000000e-001 5.000000000e-001 0.000000000e+000 0.000000000e+000 0.000000000e+000 -1.074573012e-009 5.000000000e-002 5.000000000e-002 1.074572857e-009 0.000000000e+000 0.000000000e+000 -1.431594440e-016 
d 5.000000000e-001 5.000000000e-001 0.000000000e+000 0.000000000e+000 0.000000000e+000 -1.245251914e-009 1.000000000e-001 1.000000000e-001 1.245252359e-009 0.000000000e+000 0.000000000e+000 -2.233137492e-016 
d 5.000000000e-001 5.000000000e-001 0.000000000e+000 0.000000000e+000 0.000000000e+000 -1.296933756e-009 2.000000000e-001 2.000000000e-001 1.296935291e-009 0.000000000e+000 0.000000000e+000 -3.578883270e-016 
d 5.000000000e-001 5.000000000e-001 0.000000000e+000 0.000000000e+000 0.000000000e+000 -1.319516328e-009 3.000000000e-001 3.000000000e-001 1.319516428e-009 0.000000000e+000 0.000000000e+000 -4.805719324e-016 
d 5.000000000e-001 5.000000000e-001 0.000000000e+000 0.000000000e+000 0.000000000e+000 -1.339298663e-009 4.000000000e-001 4.000000000e-001 1.339299101e-009 0.000000000e+000 0.000000000e+000 -5.978618049e-016 
d 5.000000000e-001 5.000000000e-001 0.000000000e+000 0.000000000e+000 0.000000000e+000 -1.357682897e-009 5.000000000e-001 5.000000000e-001 1.357685031e-009 0.000000000e+000 0.000000000e+000 -6.933233812e-016 
d 5.000000000e-001 5.000000000e-001 0.000000000e+000 0.000000000e+000 0.000000000e+000 -1.375132804e-009 6.000000000e-001 6.000000000e-001 1.375135750e-009 0.000000000e+000 0.000000000e+000 -7.818869482e-016 
d 5.000000000e-001 5.000000000e-001 0.000000000e+000 0.000000000e+000 0.000000000e+000 -1.391846203e-009 7.000000000e-001 7.000000000e-001 1.391848815e-009 0.000000000e+000 0.000000000e+000 -8.630166566e-016 
d 5.000000000e-001 5.000000000e-001 0.000000000e+000 0.000000000e+000 0.000000000e+000 -1.407937076e-009 8.000000000e-001 8.000000000e-001 1.407938001e-009 0.000000000e+000 0.000000000e+000 -9.397507564e-016 
d 5.000000000e-001 5.000000000e-001 0.000000000e+000 0.000000000e+000 0.000000000e+000 -1.423486840e-009 9.000000000e-001 9.000000000e-001 1.423486712e-009 0.000000000e+000 0.000000000e+000 -1.021063098e-015 
d 5.000000000e-001 5.000000000e-001 0.000000000e+000 0.000000000e+000 0.000000000e+000 -1.438560141e-009 1.000000000e+000 1.000000000e+000 1.438560666e-009 0.000000000e+000 0.000000000e+000 -1.084305741e-015 
d 5.000000000e-001 5.000000000e-001 0.000000000e+000 0.000000000e+000 0.000000000e+000 -1.453207288e-009 1.100000000e+000 1.100000000e+000 1.453206753e-009 0.000000000e+000 0.000000000e+000 -1.164161149e-015 
d 5.000000000e-001 5.000000000e-001 0.000000000e+000 0.000000000e+000 0.000000000e+000 -1.467473358e-009 1.200000000e+000 1.200000000e+000 1.467472672e-009 0.000000000e+000 0.000000000e+000 -1.233225852e-015 
d 5.000000000e-001 5.000000000e-001 0.000000000e+000 0.000000000e+000 0.000000000e+000 -1.481393131e-009 1.300000000e+000 1.300000000e+000 1.481400155e-009 0.000000000e+000 0.000000000e+000 -1.301868761e-015 
d 5.000000000e-001 5.000000000e-001 0.000000000e+000 0.000000000e+000 0.000000000e+000 -1.494999275e-009 1.400000000e+000 1.400000000e+000 1.494999144e-009 0.000000000e+000 0.000000000e+000 -1.369115884e-015 
d 5.000000000e-001 5.000000000e-001 0.000000000e+000 0.000000000e+000 0.000000000e+000 -1.508318766e-009 1.500000000e+000 1.500000000e+000 1.508321749e-009 0.000000000e+000 0.000000000e+000 -1.390921476e-015 
d 5.000000000e-001 5.000000000e-001 0.000000000e+000 0.000000000e+000 0.000000000e+000 -1.521374450e-009 1.600000000e+000 1.600000000e+000 1.521380066e-009 0.000000000e+000 0.000000000e+000 -1.319253345e-015 
d 5.000000000e-001 5.000000000e-001 0.000000000e+000 0.000000000e+000 0.000000000e+000 -1.534187660e-009 1.700000000e+000 1.700000000e+000 1.534188102e-009 0.000000000e+000 0.000000000e+000 -9.834387395e-016 
d 5.000000000e-001 5.000000000e-001 0.000000000e+000 0.000000000e+000 0.000000000e+000 -1.546778007e-009 1.800000000e+000 1.800000000e+000 1.546782258e-009 0.000000000e+000 0.000000000e+000 4.119269034e-016 
d 5.000000000e-001 5.000000000e-001 0.000000000e+000 0.000000000e+000 0.000000000e+000 -1.559162046e-009 1.900000000e+000 1.900000000e+000 1.559166734e-009 0.000000000e+000 0.000000000e+000 6.751426948e-015 
d 5.000000000e-001 5.000000000e-001 0.000000000e+000 0.000000000e+000 0.000000000e+000 -1.571355683e-009 2.000000000e+000 2.000000000e+000 1.571359200e-009 0.000000000e+000 0.000000000e+000 3.767361094e-014 
d 5.000000000e-001 5.000000000e-001 0.000000000e+000 0.000000000e+000 0.000000000e+000 -1.583374022e-009 2.100000000e+000 2.100000000e+000 1.583378922e-009 0.000000000e+000 0.000000000e+000 -1.894414313e-015 
d 5.000000000e-001 5.000000000e-001 0.000000000e+000 0.000000000e+000 0.000000000e+000 -1.595233717e-009 2.200000000e+000 2.200000000e+000 1.595233512e-009 0.000000000e+000 0.000000000e+000 -1.916433533e-015 
d 5.000000000e-001 5.000000000e-001 0.000000000e+000 0.000000000e+000 0.000000000e+000 -1.606950250e-009 2.300000000e+000 2.300000000e+000 1.606957911e-009 0.000000000e+000 0.000000000e+000 -1.929840751e-015 
d 5.000000000e-001 5.000000000e-001 0.000000000e+000 0.000000000e+000 0.000000000e+000 -1.618538237e-009 2.400000000e+000 2.400000000e+000 1.618536533e-009 0.000000000e+000 0.000000000e+000 -1.940487280e-015 
d 5.000000000e-001 5.000000000e-001 0.000000000e+000 0.000000000e+000 0.000000000e+000 -1.630008480e-009 2.500000000e+000 2.500000000e+000 1.630011950e-009 0.000000000e+000 0.000000000e+000 -1.950316430e-015 
d 5.000000000e-001 5.000000000e-001 0.000000000e+000 0.000000000e+000 0.000000000e+000 -1.641369521e-009 2.600000000e+000 2.600000000e+000 1.641377631e-009 0.000000000e+000 0.000000000e+000 -1.961997770e-015 
d 5.000000000e-001 5.000000000e-001 0.000000000e+000 0.000000000e+000 0.000000000e+000 -1.652628133e-009 2.700000000e+000 2.700000000e+000 1.652622598e-009 0.000000000e+000 0.000000000e+000 -1.983647398e-015 
d 5.000000000e-001 5.000000000e-001 0.000000000e+000 0.000000000e+000 0.000000000e+000 -1.663790175e-009 2.800000000e+000 2.800000000e+000 1.663787839e-009 0.000000000e+000 0.000000000e+000 -2.046640479e-015 
d 5.000000000e-001 5.000000000e-001 0.000000000e+000 0.000000000e+000 0.000000000e+000 -1.674861717e-009 2.900000000e+000 2.900000000e+000 1.674861033e-009 0.000000000e+000 0.000000000e+000 -2.131767233e-015 
d 5.000000000e-001 5.000000000e-001 0.000000000e+000 0.000000000e+000 0.000000000e+000 -1.685847010e-009 3.000000000e+000 3.000000000e+000 1.685851133e-009 0.000000000e+000 0.000000000e+000 -2.454481541e-015 
d 5.000000000e-001 5.000000000e-001 0.000000000e+000 0.000000000e+000 0.000000000e+000 -1.696751906e-009 3.100000000e+000 3.100000000e+000 1.696754316e-009 0.000000000e+000 0.000000000e+000 -2.678889953e-015 
d 5.000000000e-001 5.000000000e-001 0.000000000e+000 0.000000000e+000 0.000000000e+000 -1.707580599e-009 3.200000000e+000 3.200000000e+000 1.707581939e-009 0.000000000e+000 0.000000000e+000 -2.785172904e-015 
d 5.000000000e-001 5.000000000e-001 0.000000000e+000 0.000000000e+000 0.000000000e+000 -1.718337709e-009 3.300000000e+000 3.300000000e+000 1.718338302e-009 0.000000000e+000 0.000000000e+000 -2.839162635e-015 
d 5.000000000e-001 5.000000000e-001 0.000000000e+000 0.000000000e+000 0.000000000e+000 -1.729027482e-009 3.400000000e+000 3.400000000e+000 1.729026688e-009 0.000000000e+000 0.000000000e+000 -2.872575644e-015 
d 5.000000000e-001 5.000000000e-001 0.000000000e+000 0.000000000e+000 0.000000000e+000 -1.739653413e-009 3.500000000e+000 3.500000000e+000 1.739641610e-009 0.000000000e+000 0.000000000e+000 -2.896099991e-015 
d 5.000000000e-001 5.000000000e-001 0.000000000e+000 0.000000000e+000 0.000000000e+000 -1.750219691e-009 3.600000000e+000 3.600000000e+000 1.750218696e-009 0.000000000e+000 0.000000000e+000 -2.915783654e-015 
d 5.000000000e-001 5.000000000e-001 0.000000000e+000 0.000000000e+000 0.000000000e+000 -1.760729220e-009 3.700000000e+000 3.700000000e+000 1.760735507e-009 0.000000000e+000 0.000000000e+000 -2.933470003e-015 
d 5.000000000e-001 5.000000000e-001 0.000000000e+000 0.000000000e+000 0.000000000e+000 -1.771184796e-009 3.800000000e+000 3.800000000e+000 1.771192698e-009 0.000000000e+000 0.000000000e+000 -2.949958625e-015 
d 5.000000000e-001 5.000000000e-001 0.000000000e+000 0.000000000e+000 0.000000000e+000 -1.781589317e-009 3.900000000e+000 3.900000000e+000 1.781596698e-009 0.000000000e+000 0.000000000e+000 -2.965122362e-015 
d 5.000000000e-001 5.000000000e-001 0.000000000e+000 0.000000000e+000 0.000000000e+000 -1.791944986e-009 4.000000000e+000 4.000000000e+000 1.791934257e-009 0.000000000e+000 0.000000000e+000 -2.979202575e-015 
d 5.000000000e-001 5.000000000e-001 0.000000000e+000 0.000000000e+000 0.000000000e+000 -1.802252775e-009 4.100000000e+000 4.100000000e+000 1.802259922e-009 0.000000000e+000 0.000000000e+000 -2.991118857e-015 
d 5.000000000e-001 5.000000000e-001 0.000000000e+000 0.000000000e+000 0.000000000e+000 -1.812515316e-009 4.200000000e+000 4.200000000e+000 1.812503769e-009 0.000000000e+000 0.000000000e+000 -3.001430620e-015 
d 5.000000000e-001 5.000000000e-001 0.000000000e+000 0.000000000e+000 0.000000000e+000 -1.822735401e-009 4.300000000e+000 4.300000000e+000 1.822735746e-009 0.000000000e+000 0.000000000e+000 -3.011637324e-015 
d 5.000000000e-001 5.000000000e-001 0.000000000e+000 0.000000000e+000 0.000000000e+000 -1.832915396e-009 4.400000000e+000 4.400000000e+000 1.832927582e-009 0.000000000e+000 0.000000000e+000 -3.022656552e-015 
d 5.000000000e-001 5.000000000e-001 0.000000000e+000 0.000000000e+000 0.000000000e+000 -1.843058038e-009 4.500000000e+000 4.500000000e+000 1.843066561e-009 0.000000000e+000 0.000000000e+000 -3.032545143e-015 
d 5.000000000e-001 5.000000000e-001 0.000000000e+000 0.000000000e+000 0.000000000e+000 -1.853163712e-009 4.600000000e+000 4.600000000e+000 1.853168200e-009 0.000000000e+000 0.000000000e+000 -3.041015815e-015 
d 5.000000000e-001 5.000000000e-001 0.000000000e+000 0.000000000e+000 0.000000000e+000 -1.863235100e-009 4.700000000e+000 4.700000000e+000 1.863249831e-009 0.000000000e+000 0.000000000e+000 -3.049217340e-015 
d 5.000000000e-001 5.000000000e-001 0.000000000e+000 0.000000000e+000 0.000000000e+000 -1.873274132e-009 4.800000000e+000 4.800000000e+000 1.873270609e-009 0.000000000e+000 0.000000000e+000 -3.058567123e-015 
d 5.000000000e-001 5.000000000e-001 0.000000000e+000 0.000000000e+000 0.000000000e+000 -1.883281030e-009 4.900000000e+000 4.900000000e+000 1.883265939e-009 0.000000000e+000 0.000000000e+000 -3.069287676e-015 
d 5.000000000e-001 5.000000000e-001 0.000000000e+000 0.000000000e+000 0.000000000e+000 -1.893257513e-009 5.000000000e+000 5.000000000e+000 1.893276626e-009 0.000000000e+000 0.000000000e+000 -3.079911525e-015 
