v ATLAS
# This file was created by ATLAS version 5.20.2.R on Fri Feb 26 15:45:15 2021.
#SSF 2.0 generic
##############################################################################
#                    Copyright (c) 1984 - 2015                               #
#                    Silvaco Inc. All rights reserved                        #
#                                                                            #
# This file format and the following Key are copyright Silvaco Inc.          #
# You may not use, this format or key without reproducing this message in    #
# full and obtaining express written permission from Silvaco Inc.            #
#                                                                            #
# To obtain such permission please contact: Silvaco Inc.                     #
#                                           support@silvaco.com              #
#                                                                            #
# KEY=SVC86hn7562asdx                       PROD=345                         #
##############################################################################
y 1 15
z 300
f 2 "Anode" "cathode" 
p 13 40 2 20 3 21 3000000 2000000 3001000 2001000 3000001 2000001 3001001 2001001 
Q 3000000 3 "Mhos/um" 
Q 2000000 3 "F/um" 
Q 3001000 3 "Mhos/um" 
Q 2001000 3 "F/um" 
Q 3000001 3 "Mhos/um" 
Q 2000001 3 "F/um" 
Q 3001001 3 "Mhos/um" 
Q 2001001 3 "F/um" 
d 1.000000000e+003 2.000000000e+000 1.085775546e-003 -2.000000000e+000 -1.085775546e-003 -7.190261213e-005 -3.434742036e-014 7.190261213e-005 3.434742036e-014 7.190261213e-005 3.434742036e-014 -7.190261213e-005 -3.434742036e-014 
d 1.000000000e+003 2.000000000e+000 1.082160201e-003 -1.950000000e+000 -1.082160201e-003 -7.271602052e-005 -3.462348282e-014 7.271602052e-005 3.462348282e-014 7.271602052e-005 3.462348282e-014 -7.271602052e-005 -3.462348282e-014 
d 1.000000000e+003 2.000000000e+000 1.078503448e-003 -1.900000000e+000 -1.078503448e-003 -7.355920141e-005 -3.490183762e-014 7.355920141e-005 3.490183762e-014 7.355920141e-005 3.490183762e-014 -7.355920141e-005 -3.490183762e-014 
d 1.000000000e+003 2.000000000e+000 1.071059527e-003 -1.800000000e+000 -1.071059527e-003 -7.534121566e-005 -3.546498591e-014 7.534121566e-005 3.546498591e-014 7.534121566e-005 3.546498591e-014 -7.534121566e-005 -3.546498591e-014 
d 1.000000000e+003 2.000000000e+000 1.055601862e-003 -1.600000000e+000 -1.055601862e-003 -7.933888333e-005 -3.661280581e-014 7.933888333e-005 3.661280581e-014 7.933888333e-005 3.661280581e-014 -7.933888333e-005 -3.661280581e-014 
d 1.000000000e+003 2.000000000e+000 1.039277627e-003 -1.400000000e+000 -1.039277627e-003 -8.403333052e-005 -3.777688824e-014 8.403333052e-005 3.777688824e-014 8.403333052e-005 3.777688824e-014 -8.403333052e-005 -3.777688824e-014 
d 1.000000000e+003 2.000000000e+000 1.021929848e-003 -1.200000000e+000 -1.021929848e-003 -8.961032082e-005 -3.893272461e-014 8.961032082e-005 3.893272461e-014 8.961032082e-005 3.893272461e-014 -8.961032082e-005 -3.893272461e-014 
d 1.000000000e+003 2.000000000e+000 1.003357805e-003 -1.000000000e+000 -1.003357805e-003 -9.632621864e-005 -4.003800222e-014 9.632621864e-005 4.003800222e-014 9.632621864e-005 4.003800222e-014 -9.632621864e-005 -4.003800222e-014 
d 1.000000000e+003 2.000000000e+000 9.832995735e-004 -8.000000000e-001 -9.832995735e-004 -1.045443846e-004 -4.101970266e-014 1.045443846e-004 4.101970266e-014 1.045443846e-004 4.101970266e-014 -1.045443846e-004 -4.101970266e-014 
d 1.000000000e+003 2.000000000e+000 9.614050665e-004 -6.000000000e-001 -9.614050665e-004 -1.147962468e-004 -4.174977306e-014 1.147962468e-004 4.174977306e-014 1.147962468e-004 4.174977306e-014 -1.147962468e-004 -4.174977306e-014 
d 1.000000000e+003 2.000000000e+000 9.371926829e-004 -4.000000000e-001 -9.371926829e-004 -1.278892886e-004 -4.199755668e-014 1.278892886e-004 4.199755668e-014 1.278892886e-004 4.199755668e-014 -1.278892886e-004 -4.199755668e-014 
d 1.000000000e+003 2.000000000e+000 9.099760973e-004 -2.000000000e-001 -9.099760974e-004 -1.451091805e-004 -4.132979127e-014 1.451091805e-004 4.132979127e-014 1.451091805e-004 4.132979127e-014 -1.451091805e-004 -4.132979127e-014 
d 1.000000000e+003 2.000000000e+000 8.787327716e-004 1.377673865e-016 -8.787327719e-004 -1.686284841e-004 -3.888339538e-014 1.686284841e-004 3.888339538e-014 1.686284841e-004 3.888339538e-014 -1.686284841e-004 -3.888339538e-014 
d 1.000000000e+003 2.000000000e+000 8.418483097e-004 2.000000000e-001 -8.418483109e-004 -2.024177022e-004 -3.279048300e-014 2.024177022e-004 3.279048300e-014 2.024177022e-004 3.279048300e-014 -2.024177022e-004 -3.279048300e-014 
d 1.000000000e+003 2.000000000e+000 7.965629893e-004 4.000000000e-001 -7.965629893e-004 -2.545652959e-004 -1.849378242e-014 2.545652959e-004 1.849378242e-014 2.545652959e-004 1.849378242e-014 -2.545652959e-004 -1.849378242e-014 
d 1.000000000e+003 2.000000000e+000 7.375766218e-004 6.000000000e-001 -7.375766218e-004 -3.444361700e-004 1.735743361e-014 3.444361700e-004 -1.735743361e-014 3.444361700e-004 -1.735743361e-014 -3.444361700e-004 1.735743361e-014 
d 1.000000000e+003 2.000000000e+000 6.525518443e-004 8.000000000e-001 -6.525518443e-004 -5.330662352e-004 1.283487047e-013 5.330662352e-004 -1.283487047e-013 5.330662352e-004 -1.283487047e-013 -5.330662352e-004 1.283487047e-013 
d 1.000000000e+003 2.000000000e+000 4.982460174e-004 1.000000000e+000 -4.982460198e-004 -1.155760547e-003 7.087039473e-013 1.155760547e-003 -7.087039473e-013 1.155760547e-003 -7.087039473e-013 -1.155760547e-003 7.087039473e-013 
d 1.000000000e+003 2.000000000e+000 1.714441323e-004 1.200000000e+000 -1.714441325e-004 -1.704145119e-003 1.690912164e-012 1.704145119e-003 -1.690912164e-012 1.704145119e-003 -1.690912164e-012 -1.704145119e-003 1.690912164e-012 
d 1.000000000e+003 2.000000000e+000 4.487164582e-006 1.400000000e+000 -4.487164582e-006 -1.232459158e-004 9.066989732e-015 1.232459158e-004 -9.066989732e-015 1.232459158e-004 -9.066989732e-015 -1.232459158e-004 9.066989732e-015 
d 1.000000000e+003 2.000000000e+000 4.201804094e-009 1.600000000e+000 -4.201804082e-009 -1.577068254e-007 -2.230262266e-015 1.577068254e-007 2.230262266e-015 1.577068254e-007 2.230262266e-015 -1.577068259e-007 -2.230262266e-015 
d 1.000000000e+003 2.000000000e+000 2.782292192e-012 1.800000000e+000 -2.782297529e-012 -9.470564500e-011 -1.439093357e-015 9.470564349e-011 1.439093357e-015 9.470564349e-011 1.439093357e-015 -9.470592955e-011 -1.439093357e-015 
d 1.000000000e+003 2.000000000e+000 1.529775999e-022 2.000000000e+000 -2.114762964e-018 -3.057061741e-013 -1.163681382e-015 3.057032329e-013 1.163681382e-015 3.057032965e-013 1.163681382e-015 -3.055197236e-013 -1.163681382e-015 
d 1.000000000e+003 2.000000000e+000 -2.796470553e-014 2.200000000e+000 2.798402778e-014 -9.779216404e-014 -1.005625745e-015 9.779102444e-014 1.005625745e-015 9.779109568e-014 1.005625745e-015 -9.805512997e-014 -1.005625745e-015 
d 1.000000000e+003 2.000000000e+000 -4.582783629e-014 2.400000000e+000 4.585510787e-014 -8.195381110e-014 -8.992202731e-016 8.195251231e-014 8.992202731e-016 8.195250847e-014 8.992202731e-016 -8.194960053e-014 -8.992202731e-016 
d 1.000000000e+003 2.000000000e+000 -6.115756233e-014 2.600000000e+000 6.117283286e-014 -7.251935815e-014 -8.211682342e-016 7.251799682e-014 8.211682342e-016 7.251808709e-014 8.211682342e-016 -7.262909817e-014 -8.211682342e-016 
d 1.000000000e+003 2.000000000e+000 -7.504024594e-014 2.800000000e+000 7.507348383e-014 -6.629602567e-014 -7.607171509e-016 6.629526655e-014 7.607171509e-016 6.629526069e-014 7.607171509e-016 -6.631275595e-014 -7.607171509e-016 
d 1.000000000e+003 2.000000000e+000 -8.766854077e-014 3.000000000e+000 8.764790422e-014 -6.024726699e-014 -7.121043811e-016 6.024681919e-014 7.121043811e-016 6.024676211e-014 7.121043811e-016 -6.045276583e-014 -7.121043811e-016 
d 1.000000000e+003 2.000000000e+000 -9.929014747e-014 3.200000000e+000 9.927818733e-014 -5.643716096e-014 -6.719396893e-016 5.643678508e-014 6.719396893e-016 5.643679510e-014 6.719396893e-016 -5.642638957e-014 -6.719396893e-016 
d 1.000000000e+003 2.000000000e+000 -1.103785016e-013 3.400000000e+000 1.103482018e-013 -5.471531809e-014 -6.381335863e-016 5.471510371e-014 6.381335863e-016 5.471509330e-014 6.381335863e-016 -5.473984345e-014 -6.381335863e-016 
d 1.000000000e+003 2.000000000e+000 -1.212215761e-013 3.600000000e+000 1.212154470e-013 -5.371957946e-014 -6.094373825e-016 5.371942561e-014 6.094373825e-016 5.371946974e-014 6.094373825e-016 -5.396284556e-014 -6.094373825e-016 
d 1.000000000e+003 2.000000000e+000 -1.318490401e-013 3.800000000e+000 1.318071595e-013 -5.246906285e-014 -5.852616668e-016 5.246873549e-014 5.852616668e-016 5.246875851e-014 5.852616668e-016 -5.256727915e-014 -5.852616668e-016 
d 1.000000000e+003 2.000000000e+000 -1.422036454e-013 4.000000000e+000 1.422048750e-013 -5.104158467e-014 -5.655497348e-016 5.104123714e-014 5.655497348e-016 5.104125575e-014 5.655497348e-016 -5.125313657e-014 -5.655497348e-016 
