v ATLAS
# This file was created by ATLAS version 5.20.2.R on Fri Feb 26 15:39:00 2021.
#SSF 2.0 generic
##############################################################################
#                    Copyright (c) 1984 - 2015                               #
#                    Silvaco Inc. All rights reserved                        #
#                                                                            #
# This file format and the following Key are copyright Silvaco Inc.          #
# You may not use, this format or key without reproducing this message in    #
# full and obtaining express written permission from Silvaco Inc.            #
#                                                                            #
# To obtain such permission please contact: Silvaco Inc.                     #
#                                           support@silvaco.com              #
#                                                                            #
# KEY=SVC86hn7562asdx                       PROD=345                         #
##############################################################################
y 1 15
z 300
f 2 "Anode" "cathode" 
p 6 2 601 20 3 602 21 
d 0.000000000e+000 0.000000000e+000 5.048262289e-021 0.000000000e+000 0.000000000e+000 -2.219195703e-018 
d 1.000000000e-002 1.000000000e-002 3.355678057e-015 0.000000000e+000 0.000000000e+000 -3.358161840e-015 
d 2.000000000e-002 2.000000000e-002 7.431819414e-015 0.000000000e+000 0.000000000e+000 -7.429846040e-015 
d 3.000000000e-002 3.000000000e-002 1.245870387e-014 0.000000000e+000 0.000000000e+000 -1.245798612e-014 
d 4.000000000e-002 4.000000000e-002 1.874553452e-014 0.000000000e+000 0.000000000e+000 -1.874635489e-014 
d 5.000000000e-002 5.000000000e-002 2.671038212e-014 0.000000000e+000 0.000000000e+000 -2.671061409e-014 
d 6.000000000e-002 6.000000000e-002 3.692200094e-014 0.000000000e+000 0.000000000e+000 -3.692273561e-014 
d 7.000000000e-002 7.000000000e-002 5.015879879e-014 0.000000000e+000 0.000000000e+000 -5.016026355e-014 
d 8.000000000e-002 8.000000000e-002 6.749196838e-014 0.000000000e+000 0.000000000e+000 -6.749026987e-014 
d 9.000000000e-002 9.000000000e-002 9.040395587e-014 0.000000000e+000 0.000000000e+000 -9.040448146e-014 
d 1.000000000e-001 1.000000000e-001 1.209578645e-013 0.000000000e+000 0.000000000e+000 -1.209581905e-013 
d 1.100000000e-001 1.100000000e-001 1.620406798e-013 0.000000000e+000 0.000000000e+000 -1.620411101e-013 
d 1.200000000e-001 1.200000000e-001 2.177135295e-013 0.000000000e+000 0.000000000e+000 -2.177141996e-013 
d 1.300000000e-001 1.300000000e-001 2.937176549e-013 0.000000000e+000 0.000000000e+000 -2.937176504e-013 
d 1.400000000e-001 1.400000000e-001 3.982062746e-013 0.000000000e+000 0.000000000e+000 -3.982051155e-013 
d 1.500000000e-001 1.500000000e-001 5.428047564e-013 0.000000000e+000 0.000000000e+000 -5.428033818e-013 
d 1.600000000e-001 1.600000000e-001 7.441486084e-013 0.000000000e+000 0.000000000e+000 -7.441480220e-013 
d 1.700000000e-001 1.700000000e-001 1.026116186e-012 0.000000000e+000 0.000000000e+000 -1.026115814e-012 
d 1.800000000e-001 1.800000000e-001 1.423072781e-012 0.000000000e+000 0.000000000e+000 -1.423071881e-012 
d 1.900000000e-001 1.900000000e-001 1.984587112e-012 0.000000000e+000 0.000000000e+000 -1.984587031e-012 
d 2.000000000e-001 2.000000000e-001 2.782292184e-012 0.000000000e+000 0.000000000e+000 -2.782291576e-012 
d 2.100000000e-001 2.100000000e-001 3.919870186e-012 0.000000000e+000 0.000000000e+000 -3.919871178e-012 
d 2.200000000e-001 2.200000000e-001 5.547589386e-012 0.000000000e+000 0.000000000e+000 -5.547590445e-012 
d 2.300000000e-001 2.300000000e-001 7.883475183e-012 0.000000000e+000 0.000000000e+000 -7.883475950e-012 
d 2.400000000e-001 2.400000000e-001 1.124415133e-011 0.000000000e+000 0.000000000e+000 -1.124414916e-011 
d 2.500000000e-001 2.500000000e-001 1.608977740e-011 0.000000000e+000 0.000000000e+000 -1.608977750e-011 
d 2.600000000e-001 2.600000000e-001 2.308953593e-011 0.000000000e+000 0.000000000e+000 -2.308953806e-011 
d 2.700000000e-001 2.700000000e-001 3.321707702e-011 0.000000000e+000 0.000000000e+000 -3.321707571e-011 
d 2.800000000e-001 2.800000000e-001 4.788963100e-011 0.000000000e+000 0.000000000e+000 -4.788963126e-011 
d 2.900000000e-001 2.900000000e-001 6.917076978e-011 0.000000000e+000 0.000000000e+000 -6.917077089e-011 
d 3.000000000e-001 3.000000000e-001 1.000659218e-010 0.000000000e+000 0.000000000e+000 -1.000659217e-010 
d 3.100000000e-001 3.100000000e-001 1.449530225e-010 0.000000000e+000 0.000000000e+000 -1.449530204e-010 
d 3.200000000e-001 3.200000000e-001 2.102099896e-010 0.000000000e+000 0.000000000e+000 -2.102099909e-010 
d 3.300000000e-001 3.300000000e-001 3.051287522e-010 0.000000000e+000 0.000000000e+000 -3.051287531e-010 
d 3.400000000e-001 3.400000000e-001 4.432462653e-010 0.000000000e+000 0.000000000e+000 -4.432462655e-010 
d 3.500000000e-001 3.500000000e-001 6.442819078e-010 0.000000000e+000 0.000000000e+000 -6.442819080e-010 
d 3.600000000e-001 3.600000000e-001 9.369559570e-010 0.000000000e+000 0.000000000e+000 -9.369559560e-010 
d 3.700000000e-001 3.700000000e-001 1.363086889e-009 0.000000000e+000 0.000000000e+000 -1.363086889e-009 
d 3.800000000e-001 3.800000000e-001 1.983542194e-009 0.000000000e+000 0.000000000e+000 -1.983542193e-009 
d 3.900000000e-001 3.900000000e-001 2.886870637e-009 0.000000000e+000 0.000000000e+000 -2.886870636e-009 
d 4.000000000e-001 4.000000000e-001 4.201804094e-009 0.000000000e+000 0.000000000e+000 -4.201804093e-009 
d 4.100000000e-001 4.100000000e-001 6.115324768e-009 0.000000000e+000 0.000000000e+000 -6.115324768e-009 
d 4.200000000e-001 4.200000000e-001 8.898700363e-009 0.000000000e+000 0.000000000e+000 -8.898700363e-009 
d 4.300000000e-001 4.300000000e-001 1.294485582e-008 0.000000000e+000 0.000000000e+000 -1.294485582e-008 
d 4.400000000e-001 4.400000000e-001 1.882173601e-008 0.000000000e+000 0.000000000e+000 -1.882173601e-008 
d 4.500000000e-001 4.500000000e-001 2.734795661e-008 0.000000000e+000 0.000000000e+000 -2.734795661e-008 
d 4.600000000e-001 4.600000000e-001 3.969900694e-008 0.000000000e+000 0.000000000e+000 -3.969900694e-008 
d 4.700000000e-001 4.700000000e-001 5.755436425e-008 0.000000000e+000 0.000000000e+000 -5.755436425e-008 
d 4.800000000e-001 4.800000000e-001 8.329761100e-008 0.000000000e+000 0.000000000e+000 -8.329761100e-008 
d 4.900000000e-001 4.900000000e-001 1.202820523e-007 0.000000000e+000 0.000000000e+000 -1.202820523e-007 
d 5.000000000e-001 5.000000000e-001 1.731718989e-007 0.000000000e+000 0.000000000e+000 -1.731718989e-007 
d 5.100000000e-001 5.100000000e-001 2.483620261e-007 0.000000000e+000 0.000000000e+000 -2.483620261e-007 
d 5.200000000e-001 5.200000000e-001 3.544666706e-007 0.000000000e+000 0.000000000e+000 -3.544666706e-007 
d 5.300000000e-001 5.300000000e-001 5.028510612e-007 0.000000000e+000 0.000000000e+000 -5.028510612e-007 
d 5.400000000e-001 5.400000000e-001 7.081666164e-007 0.000000000e+000 0.000000000e+000 -7.081666164e-007 
d 5.500000000e-001 5.500000000e-001 9.888503005e-007 0.000000000e+000 0.000000000e+000 -9.888503005e-007 
d 5.600000000e-001 5.600000000e-001 1.367568929e-006 0.000000000e+000 0.000000000e+000 -1.367568929e-006 
d 5.700000000e-001 5.700000000e-001 1.871623160e-006 0.000000000e+000 0.000000000e+000 -1.871623160e-006 
d 5.800000000e-001 5.800000000e-001 2.533353426e-006 0.000000000e+000 0.000000000e+000 -2.533353426e-006 
d 5.900000000e-001 5.900000000e-001 3.390590646e-006 0.000000000e+000 0.000000000e+000 -3.390590646e-006 
d 6.000000000e-001 6.000000000e-001 4.487164582e-006 0.000000000e+000 0.000000000e+000 -4.487164582e-006 
d 6.100000000e-001 6.100000000e-001 5.873435025e-006 0.000000000e+000 0.000000000e+000 -5.873435025e-006 
d 6.200000000e-001 6.200000000e-001 7.606761558e-006 0.000000000e+000 0.000000000e+000 -7.606761558e-006 
d 6.300000000e-001 6.300000000e-001 9.751784262e-006 0.000000000e+000 0.000000000e+000 -9.751784262e-006 
d 6.400000000e-001 6.400000000e-001 1.238035423e-005 0.000000000e+000 0.000000000e+000 -1.238035423e-005 
d 6.500000000e-001 6.500000000e-001 1.557092135e-005 0.000000000e+000 0.000000000e+000 -1.557092135e-005 
d 6.600000000e-001 6.600000000e-001 1.940719308e-005 0.000000000e+000 0.000000000e+000 -1.940719308e-005 
d 6.700000000e-001 6.700000000e-001 2.397588262e-005 0.000000000e+000 0.000000000e+000 -2.397588262e-005 
d 6.800000000e-001 6.800000000e-001 2.936346758e-005 0.000000000e+000 0.000000000e+000 -2.936346757e-005 
d 6.900000000e-001 6.900000000e-001 3.565200643e-005 0.000000000e+000 0.000000000e+000 -3.565200643e-005 
d 7.000000000e-001 7.000000000e-001 4.291424515e-005 0.000000000e+000 0.000000000e+000 -4.291424515e-005 
d 7.100000000e-001 7.100000000e-001 5.120852824e-005 0.000000000e+000 0.000000000e+000 -5.120852824e-005 
d 7.200000000e-001 7.200000000e-001 6.057416422e-005 0.000000000e+000 0.000000000e+000 -6.057416422e-005 
d 7.300000000e-001 7.300000000e-001 7.102799214e-005 0.000000000e+000 0.000000000e+000 -7.102799214e-005 
d 7.400000000e-001 7.400000000e-001 8.256273471e-005 0.000000000e+000 0.000000000e+000 -8.256273471e-005 
d 7.500000000e-001 7.500000000e-001 9.514739293e-005 0.000000000e+000 0.000000000e+000 -9.514739293e-005 
d 7.600000000e-001 7.600000000e-001 1.087295313e-004 0.000000000e+000 0.000000000e+000 -1.087295313e-004 
d 7.700000000e-001 7.700000000e-001 1.232388882e-004 0.000000000e+000 0.000000000e+000 -1.232388882e-004 
d 7.800000000e-001 7.800000000e-001 1.385913194e-004 0.000000000e+000 0.000000000e+000 -1.385913194e-004 
d 7.900000000e-001 7.900000000e-001 1.546930559e-004 0.000000000e+000 0.000000000e+000 -1.546930559e-004 
d 8.000000000e-001 8.000000000e-001 1.714441354e-004 0.000000000e+000 0.000000000e+000 -1.714441354e-004 
d 8.100000000e-001 8.100000000e-001 1.887411157e-004 0.000000000e+000 0.000000000e+000 -1.887411157e-004 
d 8.200000000e-001 8.200000000e-001 2.064790199e-004 0.000000000e+000 0.000000000e+000 -2.064790199e-004 
d 8.300000000e-001 8.300000000e-001 2.245526608e-004 0.000000000e+000 0.000000000e+000 -2.245526608e-004 
d 8.400000000e-001 8.400000000e-001 2.428575500e-004 0.000000000e+000 0.000000000e+000 -2.428575500e-004 
d 8.500000000e-001 8.500000000e-001 2.612905960e-004 0.000000000e+000 0.000000000e+000 -2.612905960e-004 
d 8.600000000e-001 8.600000000e-001 2.797507640e-004 0.000000000e+000 0.000000000e+000 -2.797507640e-004 
d 8.700000000e-001 8.700000000e-001 2.981403883e-004 0.000000000e+000 0.000000000e+000 -2.981403883e-004 
d 8.800000000e-001 8.800000000e-001 3.163670742e-004 0.000000000e+000 0.000000000e+000 -3.163670742e-004 
d 8.900000000e-001 8.900000000e-001 3.343390360e-004 0.000000000e+000 0.000000000e+000 -3.343390360e-004 
d 9.000000000e-001 9.000000000e-001 3.519727453e-004 0.000000000e+000 0.000000000e+000 -3.519727453e-004 
d 9.100000000e-001 9.100000000e-001 3.691922573e-004 0.000000000e+000 0.000000000e+000 -3.691922573e-004 
d 9.200000000e-001 9.200000000e-001 3.859306867e-004 0.000000000e+000 0.000000000e+000 -3.859306867e-004 
d 9.300000000e-001 9.300000000e-001 4.021315811e-004 0.000000000e+000 0.000000000e+000 -4.021315811e-004 
d 9.400000000e-001 9.400000000e-001 4.177500392e-004 0.000000000e+000 0.000000000e+000 -4.177500392e-004 
d 9.500000000e-001 9.500000000e-001 4.327534260e-004 0.000000000e+000 0.000000000e+000 -4.327534260e-004 
d 9.600000000e-001 9.600000000e-001 4.471215687e-004 0.000000000e+000 0.000000000e+000 -4.471215687e-004 
d 9.700000000e-001 9.700000000e-001 4.608476156e-004 0.000000000e+000 0.000000000e+000 -4.608476156e-004 
d 9.800000000e-001 9.800000000e-001 4.739342977e-004 0.000000000e+000 0.000000000e+000 -4.739342977e-004 
d 9.900000000e-001 9.900000000e-001 4.863935204e-004 0.000000000e+000 0.000000000e+000 -4.863935204e-004 
d 1.000000000e+000 1.000000000e+000 4.982459892e-004 0.000000000e+000 0.000000000e+000 -4.982459892e-004 
