v ATLAS
# This file was created by ATLAS version 5.18.3.R on Fri Feb 12 15:47:19 2021.
#SSF 2.0 generic
##############################################################################
#                    Copyright © 1984 - 2012                                 #
#                    Silvaco Inc. All rights reserved                        #
#                                                                            #
# This file format and the following Key are copyright Silvaco Inc.          #
# You may not use, this format or key without reproducing this message in    #
# full and obtaining express written permission from Silvaco Inc.            #
#                                                                            #
# To obtain such permission please contact: Silvaco Inc.                     #
#                                           support@silvaco.com              #
#                                                                            #
# KEY=SVC86hn7562asdx                       PROD=345                         #
##############################################################################
y 1 15
z 300
f 3 "emitter" "base" "collector" 
p 9 2 601 20 3 602 21 4 603 22 
d 0.000000000e+000 0.000000000e+000 -1.173607769e-008 6.588673535e-001 6.588673535e-001 5.000000120e-006 0.000000000e+000 0.000000000e+000 -4.988264042e-006 
d 0.000000000e+000 0.000000000e+000 -1.112854987e-006 7.527489815e-001 7.527489815e-001 5.000000120e-006 1.000000000e-001 1.000000000e-001 -3.887145133e-006 
d 0.000000000e+000 0.000000000e+000 -7.899311655e-006 8.034206125e-001 8.034206125e-001 5.000000120e-006 2.000000000e-001 2.000000000e-001 2.899311535e-006 
d 0.000000000e+000 0.000000000e+000 -1.247568802e-005 8.153989781e-001 8.153989781e-001 5.000000120e-006 3.000000000e-001 3.000000000e-001 7.475687903e-006 
d 0.000000000e+000 0.000000000e+000 -1.297738433e-005 8.164326032e-001 8.164326032e-001 5.000000120e-006 4.000000000e-001 4.000000000e-001 7.977384208e-006 
d 0.000000000e+000 0.000000000e+000 -1.299871846e-005 8.164734911e-001 8.164734911e-001 5.000000120e-006 5.000000000e-001 5.000000000e-001 7.998718339e-006 
d 0.000000000e+000 0.000000000e+000 -1.300194655e-005 8.164781937e-001 8.164781937e-001 5.000000120e-006 6.000000000e-001 6.000000000e-001 8.001946430e-006 
d 0.000000000e+000 0.000000000e+000 -1.300435057e-005 8.164813904e-001 8.164813904e-001 5.000000120e-006 7.000000000e-001 7.000000000e-001 8.004350452e-006 
d 0.000000000e+000 0.000000000e+000 -1.300661842e-005 8.164843519e-001 8.164843519e-001 5.000000120e-006 8.000000000e-001 8.000000000e-001 8.006618299e-006 
d 0.000000000e+000 0.000000000e+000 -1.300885033e-005 8.164872292e-001 8.164872292e-001 5.000000120e-006 9.000000000e-001 9.000000000e-001 8.008850212e-006 
d 0.000000000e+000 0.000000000e+000 -1.301108533e-005 8.164900772e-001 8.164900772e-001 5.000000120e-006 1.000000000e+000 1.000000000e+000 8.011085211e-006 
d 0.000000000e+000 0.000000000e+000 -1.301334085e-005 8.164929200e-001 8.164929200e-001 5.000000120e-006 1.100000000e+000 1.100000000e+000 8.013340730e-006 
d 0.000000000e+000 0.000000000e+000 -1.301562376e-005 8.164957670e-001 8.164957670e-001 5.000000120e-006 1.200000000e+000 1.200000000e+000 8.015623636e-006 
d 0.000000000e+000 0.000000000e+000 -1.301793510e-005 8.164986196e-001 8.164986196e-001 5.000000120e-006 1.300000000e+000 1.300000000e+000 8.017934979e-006 
d 0.000000000e+000 0.000000000e+000 -1.302027240e-005 8.165014745e-001 8.165014745e-001 5.000000120e-006 1.400000000e+000 1.400000000e+000 8.020272284e-006 
d 0.000000000e+000 0.000000000e+000 -1.302263091e-005 8.165043251e-001 8.165043251e-001 5.000000120e-006 1.500000000e+000 1.500000000e+000 8.022630791e-006 
d 0.000000000e+000 0.000000000e+000 -1.302500434e-005 8.165071628e-001 8.165071628e-001 5.000000120e-006 1.600000000e+000 1.600000000e+000 8.025004225e-006 
d 0.000000000e+000 0.000000000e+000 -1.302738545e-005 8.165099774e-001 8.165099774e-001 5.000000120e-006 1.700000000e+000 1.700000000e+000 8.027385334e-006 
d 0.000000000e+000 0.000000000e+000 -1.302976641e-005 8.165127581e-001 8.165127581e-001 5.000000120e-006 1.800000000e+000 1.800000000e+000 8.029766287e-006 
d 0.000000000e+000 0.000000000e+000 -1.303213915e-005 8.165154935e-001 8.165154935e-001 5.000000120e-006 1.900000000e+000 1.900000000e+000 8.032139031e-006 
d 0.000000000e+000 0.000000000e+000 -1.303449576e-005 8.165181727e-001 8.165181727e-001 5.000000120e-006 2.000000000e+000 2.000000000e+000 8.034495636e-006 
d 0.000000000e+000 0.000000000e+000 -1.303682877e-005 8.165207855e-001 8.165207855e-001 5.000000120e-006 2.100000000e+000 2.100000000e+000 8.036828648e-006 
d 0.000000000e+000 0.000000000e+000 -1.303913152e-005 8.165233231e-001 8.165233231e-001 5.000000120e-006 2.200000000e+000 2.200000000e+000 8.039131400e-006 
d 0.000000000e+000 0.000000000e+000 -1.304139839e-005 8.165257784e-001 8.165257784e-001 5.000000120e-006 2.300000000e+000 2.300000000e+000 8.041398270e-006 
d 0.000000000e+000 0.000000000e+000 -1.304362496e-005 8.165281462e-001 8.165281462e-001 5.000000120e-006 2.400000000e+000 2.400000000e+000 8.043624837e-006 
d 0.000000000e+000 0.000000000e+000 -1.304580804e-005 8.165304234e-001 8.165304234e-001 5.000000120e-006 2.500000000e+000 2.500000000e+000 8.045807922e-006 
d 0.000000000e+000 0.000000000e+000 -1.304794565e-005 8.165326088e-001 8.165326088e-001 5.000000120e-006 2.600000000e+000 2.600000000e+000 8.047945533e-006 
d 0.000000000e+000 0.000000000e+000 -1.305003684e-005 8.165347027e-001 8.165347027e-001 5.000000120e-006 2.700000000e+000 2.700000000e+000 8.050036722e-006 
d 0.000000000e+000 0.000000000e+000 -1.305208153e-005 8.165367069e-001 8.165367069e-001 5.000000120e-006 2.800000000e+000 2.800000000e+000 8.052081412e-006 
d 0.000000000e+000 0.000000000e+000 -1.305408031e-005 8.165386242e-001 8.165386242e-001 5.000000120e-006 2.900000000e+000 2.900000000e+000 8.054080193e-006 
d 0.000000000e+000 0.000000000e+000 -1.305603426e-005 8.165404580e-001 8.165404580e-001 5.000000120e-006 3.000000000e+000 3.000000000e+000 8.056034141e-006 
d 0.000000000e+000 0.000000000e+000 -1.305794478e-005 8.165422121e-001 8.165422121e-001 5.000000120e-006 3.100000000e+000 3.100000000e+000 8.057944659e-006 
d 0.000000000e+000 0.000000000e+000 -1.305981347e-005 8.165438907e-001 8.165438907e-001 5.000000120e-006 3.200000000e+000 3.200000000e+000 8.059813345e-006 
d 0.000000000e+000 0.000000000e+000 -1.306164201e-005 8.165454980e-001 8.165454980e-001 5.000000120e-006 3.300000000e+000 3.300000000e+000 8.061641894e-006 
d 0.000000000e+000 0.000000000e+000 -1.306343215e-005 8.165470381e-001 8.165470381e-001 5.000000120e-006 3.400000000e+000 3.400000000e+000 8.063432029e-006 
d 0.000000000e+000 0.000000000e+000 -1.306518557e-005 8.165485150e-001 8.165485150e-001 5.000000120e-006 3.500000000e+000 3.500000000e+000 8.065185448e-006 
d 0.000000000e+000 0.000000000e+000 -1.306690392e-005 8.165499326e-001 8.165499326e-001 5.000000120e-006 3.600000000e+000 3.600000000e+000 8.066903797e-006 
d 0.000000000e+000 0.000000000e+000 -1.306858877e-005 8.165512944e-001 8.165512944e-001 5.000000120e-006 3.700000000e+000 3.700000000e+000 8.068588649e-006 
d 0.000000000e+000 0.000000000e+000 -1.307024161e-005 8.165526039e-001 8.165526039e-001 5.000000120e-006 3.800000000e+000 3.800000000e+000 8.070241492e-006 
d 0.000000000e+000 0.000000000e+000 -1.307186385e-005 8.165538642e-001 8.165538642e-001 5.000000120e-006 3.900000000e+000 3.900000000e+000 8.071863730e-006 
d 0.000000000e+000 0.000000000e+000 -1.307345680e-005 8.165550783e-001 8.165550783e-001 5.000000120e-006 4.000000000e+000 4.000000000e+000 8.073456680e-006 
d 0.000000000e+000 0.000000000e+000 -1.307502170e-005 8.165562490e-001 8.165562490e-001 5.000000120e-006 4.100000000e+000 4.100000000e+000 8.075021577e-006 
d 0.000000000e+000 0.000000000e+000 -1.307655970e-005 8.165573788e-001 8.165573788e-001 5.000000120e-006 4.200000000e+000 4.200000000e+000 8.076559578e-006 
d 0.000000000e+000 0.000000000e+000 -1.307807189e-005 8.165584701e-001 8.165584701e-001 5.000000120e-006 4.300000000e+000 4.300000000e+000 8.078071772e-006 
d 0.000000000e+000 0.000000000e+000 -1.307955930e-005 8.165595250e-001 8.165595250e-001 5.000000120e-006 4.400000000e+000 4.400000000e+000 8.079559179e-006 
d 0.000000000e+000 0.000000000e+000 -1.308102288e-005 8.165605457e-001 8.165605457e-001 5.000000120e-006 4.500000000e+000 4.500000000e+000 8.081022764e-006 
d 0.000000000e+000 0.000000000e+000 -1.308246356e-005 8.165615339e-001 8.165615339e-001 5.000000120e-006 4.600000000e+000 4.600000000e+000 8.082463436e-006 
d 0.000000000e+000 0.000000000e+000 -1.308388218e-005 8.165624915e-001 8.165624915e-001 5.000000120e-006 4.700000000e+000 4.700000000e+000 8.083882060e-006 
d 0.000000000e+000 0.000000000e+000 -1.308527957e-005 8.165634200e-001 8.165634200e-001 5.000000120e-006 4.800000000e+000 4.800000000e+000 8.085279455e-006 
d 0.000000000e+000 0.000000000e+000 -1.308665652e-005 8.165643210e-001 8.165643210e-001 5.000000120e-006 4.900000000e+000 4.900000000e+000 8.086656404e-006 
d 0.000000000e+000 0.000000000e+000 -1.308801378e-005 8.165651959e-001 8.165651959e-001 5.000000120e-006 5.000000000e+000 5.000000000e+000 8.088013655e-006 
