v ATLAS
# This file was created by ATLAS version 5.18.3.R on Fri Feb 12 15:46:52 2021.
#SSF 2.0 generic
##############################################################################
#                    Copyright © 1984 - 2012                                 #
#                    Silvaco Inc. All rights reserved                        #
#                                                                            #
# This file format and the following Key are copyright Silvaco Inc.          #
# You may not use, this format or key without reproducing this message in    #
# full and obtaining express written permission from Silvaco Inc.            #
#                                                                            #
# To obtain such permission please contact: Silvaco Inc.                     #
#                                           support@silvaco.com              #
#                                                                            #
# KEY=SVC86hn7562asdx                       PROD=345                         #
##############################################################################
y 1 15
z 300
f 3 "emitter" "base" "collector" 
p 9 2 601 20 3 602 21 4 603 22 
d 0.000000000e+000 0.000000000e+000 -8.865411379e-010 5.911399030e-001 5.911399030e-001 1.000000000e-006 0.000000000e+000 0.000000000e+000 -9.991134589e-007 
d 0.000000000e+000 0.000000000e+000 -1.010142615e-007 6.894168794e-001 6.894168794e-001 1.000000000e-006 1.000000000e-001 1.000000000e-001 -8.989857385e-007 
d 0.000000000e+000 0.000000000e+000 -1.455368882e-006 7.582547605e-001 7.582547605e-001 1.000000000e-006 2.000000000e-001 2.000000000e-001 4.553688822e-007 
d 0.000000000e+000 0.000000000e+000 -2.534838124e-006 7.726605993e-001 7.726605993e-001 1.000000008e-006 3.000000000e-001 3.000000000e-001 1.534837911e-006 
d 0.000000000e+000 0.000000000e+000 -2.616976178e-006 7.734869083e-001 7.734869083e-001 1.000000012e-006 4.000000000e-001 4.000000000e-001 1.616975058e-006 
d 0.000000000e+000 0.000000000e+000 -2.620284360e-006 7.735170780e-001 7.735170780e-001 1.000000000e-006 5.000000000e-001 5.000000000e-001 1.620284360e-006 
d 0.000000000e+000 0.000000000e+000 -2.620825683e-006 7.735203711e-001 7.735203711e-001 1.000000000e-006 6.000000000e-001 6.000000000e-001 1.620825683e-006 
d 0.000000000e+000 0.000000000e+000 -2.621264008e-006 7.735226994e-001 7.735226994e-001 1.000000000e-006 7.000000000e-001 7.000000000e-001 1.621264008e-006 
d 0.000000000e+000 0.000000000e+000 -2.621697638e-006 7.735249702e-001 7.735249702e-001 1.000000000e-006 8.000000000e-001 8.000000000e-001 1.621697638e-006 
d 0.000000000e+000 0.000000000e+000 -2.622136183e-006 7.735272513e-001 7.735272513e-001 1.000000000e-006 9.000000000e-001 9.000000000e-001 1.622136183e-006 
d 0.000000000e+000 0.000000000e+000 -2.622582348e-006 7.735295587e-001 7.735295587e-001 1.000000000e-006 1.000000000e+000 1.000000000e+000 1.622582348e-006 
d 0.000000000e+000 0.000000000e+000 -2.623036719e-006 7.735318950e-001 7.735318950e-001 1.000000000e-006 1.100000000e+000 1.100000000e+000 1.623036719e-006 
d 0.000000000e+000 0.000000000e+000 -2.623498849e-006 7.735342566e-001 7.735342566e-001 1.000000000e-006 1.200000000e+000 1.200000000e+000 1.623498849e-006 
d 0.000000000e+000 0.000000000e+000 -2.623967712e-006 7.735366363e-001 7.735366363e-001 1.000000000e-006 1.300000000e+000 1.300000000e+000 1.623967712e-006 
d 0.000000000e+000 0.000000000e+000 -2.624441953e-006 7.735390249e-001 7.735390249e-001 1.000000000e-006 1.400000000e+000 1.400000000e+000 1.624441953e-006 
d 0.000000000e+000 0.000000000e+000 -2.624920016e-006 7.735414122e-001 7.735414122e-001 1.000000000e-006 1.500000000e+000 1.500000000e+000 1.624920016e-006 
d 0.000000000e+000 0.000000000e+000 -2.625400216e-006 7.735437870e-001 7.735437870e-001 1.000000000e-006 1.600000000e+000 1.600000000e+000 1.625400216e-006 
d 0.000000000e+000 0.000000000e+000 -2.625880800e-006 7.735461375e-001 7.735461375e-001 1.000000000e-006 1.700000000e+000 1.700000000e+000 1.625880800e-006 
d 0.000000000e+000 0.000000000e+000 -2.626360019e-006 7.735484522e-001 7.735484522e-001 1.000000000e-006 1.800000000e+000 1.800000000e+000 1.626360019e-006 
d 0.000000000e+000 0.000000000e+000 -2.626836204e-006 7.735507201e-001 7.735507201e-001 1.000000000e-006 1.900000000e+000 1.900000000e+000 1.626836204e-006 
d 0.000000000e+000 0.000000000e+000 -2.627307832e-006 7.735529314e-001 7.735529314e-001 1.000000000e-006 2.000000000e+000 2.000000000e+000 1.627307832e-006 
d 0.000000000e+000 0.000000000e+000 -2.627773571e-006 7.735550778e-001 7.735550778e-001 1.000000000e-006 2.100000000e+000 2.100000000e+000 1.627773571e-006 
d 0.000000000e+000 0.000000000e+000 -2.628232315e-006 7.735571526e-001 7.735571526e-001 1.000000000e-006 2.200000000e+000 2.200000000e+000 1.628232315e-006 
d 0.000000000e+000 0.000000000e+000 -2.628683202e-006 7.735591510e-001 7.735591510e-001 1.000000000e-006 2.300000000e+000 2.300000000e+000 1.628683202e-006 
d 0.000000000e+000 0.000000000e+000 -2.629125610e-006 7.735610702e-001 7.735610702e-001 1.000000000e-006 2.400000000e+000 2.400000000e+000 1.629125610e-006 
d 0.000000000e+000 0.000000000e+000 -2.629559145e-006 7.735629088e-001 7.735629088e-001 1.000000000e-006 2.500000000e+000 2.500000000e+000 1.629559145e-006 
d 0.000000000e+000 0.000000000e+000 -2.629983615e-006 7.735646671e-001 7.735646671e-001 1.000000000e-006 2.600000000e+000 2.600000000e+000 1.629983615e-006 
d 0.000000000e+000 0.000000000e+000 -2.630398998e-006 7.735663467e-001 7.735663467e-001 1.000000000e-006 2.700000000e+000 2.700000000e+000 1.630398998e-006 
d 0.000000000e+000 0.000000000e+000 -2.630805399e-006 7.735679498e-001 7.735679498e-001 1.000000000e-006 2.800000000e+000 2.800000000e+000 1.630805399e-006 
d 0.000000000e+000 0.000000000e+000 -2.631203023e-006 7.735694798e-001 7.735694798e-001 1.000000000e-006 2.900000000e+000 2.900000000e+000 1.631203023e-006 
d 0.000000000e+000 0.000000000e+000 -2.631592136e-006 7.735709400e-001 7.735709400e-001 1.000000000e-006 3.000000000e+000 3.000000000e+000 1.631592136e-006 
d 0.000000000e+000 0.000000000e+000 -2.631973042e-006 7.735723343e-001 7.735723343e-001 1.000000000e-006 3.100000000e+000 3.100000000e+000 1.631973042e-006 
d 0.000000000e+000 0.000000000e+000 -2.632346064e-006 7.735736664e-001 7.735736664e-001 1.000000000e-006 3.200000000e+000 3.200000000e+000 1.632346064e-006 
d 0.000000000e+000 0.000000000e+000 -2.632711527e-006 7.735749402e-001 7.735749402e-001 1.000000000e-006 3.300000000e+000 3.300000000e+000 1.632711527e-006 
d 0.000000000e+000 0.000000000e+000 -2.633069750e-006 7.735761592e-001 7.735761592e-001 1.000000000e-006 3.400000000e+000 3.400000000e+000 1.633069750e-006 
d 0.000000000e+000 0.000000000e+000 -2.633421038e-006 7.735773268e-001 7.735773268e-001 1.000000000e-006 3.500000000e+000 3.500000000e+000 1.633421038e-006 
d 0.000000000e+000 0.000000000e+000 -2.633765684e-006 7.735784462e-001 7.735784462e-001 1.000000000e-006 3.600000000e+000 3.600000000e+000 1.633765684e-006 
d 0.000000000e+000 0.000000000e+000 -2.634103961e-006 7.735795205e-001 7.735795205e-001 1.000000000e-006 3.700000000e+000 3.700000000e+000 1.634103961e-006 
d 0.000000000e+000 0.000000000e+000 -2.634436129e-006 7.735805525e-001 7.735805525e-001 1.000000000e-006 3.800000000e+000 3.800000000e+000 1.634436129e-006 
d 0.000000000e+000 0.000000000e+000 -2.634762430e-006 7.735815447e-001 7.735815447e-001 1.000000000e-006 3.900000000e+000 3.900000000e+000 1.634762430e-006 
d 0.000000000e+000 0.000000000e+000 -2.635083094e-006 7.735824996e-001 7.735824996e-001 1.000000000e-006 4.000000000e+000 4.000000000e+000 1.635083094e-006 
d 0.000000000e+000 0.000000000e+000 -2.635398337e-006 7.735834194e-001 7.735834194e-001 1.000000000e-006 4.100000000e+000 4.100000000e+000 1.635398337e-006 
d 0.000000000e+000 0.000000000e+000 -2.635708364e-006 7.735843061e-001 7.735843061e-001 1.000000000e-006 4.200000000e+000 4.200000000e+000 1.635708364e-006 
d 0.000000000e+000 0.000000000e+000 -2.636013371e-006 7.735851619e-001 7.735851619e-001 1.000000000e-006 4.300000000e+000 4.300000000e+000 1.636013371e-006 
d 0.000000000e+000 0.000000000e+000 -2.636313543e-006 7.735859884e-001 7.735859884e-001 1.000000000e-006 4.400000000e+000 4.400000000e+000 1.636313543e-006 
d 0.000000000e+000 0.000000000e+000 -2.636609058e-006 7.735867874e-001 7.735867874e-001 1.000000000e-006 4.500000000e+000 4.500000000e+000 1.636609058e-006 
d 0.000000000e+000 0.000000000e+000 -2.636900086e-006 7.735875605e-001 7.735875605e-001 1.000000000e-006 4.600000000e+000 4.600000000e+000 1.636900086e-006 
d 0.000000000e+000 0.000000000e+000 -2.637186792e-006 7.735883090e-001 7.735883090e-001 1.000000000e-006 4.700000000e+000 4.700000000e+000 1.637186792e-006 
d 0.000000000e+000 0.000000000e+000 -2.637469330e-006 7.735890345e-001 7.735890345e-001 1.000000000e-006 4.800000000e+000 4.800000000e+000 1.637469330e-006 
d 0.000000000e+000 0.000000000e+000 -2.637747853e-006 7.735897381e-001 7.735897381e-001 1.000000000e-006 4.900000000e+000 4.900000000e+000 1.637747853e-006 
d 0.000000000e+000 0.000000000e+000 -2.638022506e-006 7.735904210e-001 7.735904210e-001 1.000000000e-006 5.000000000e+000 5.000000000e+000 1.638022506e-006 
