v ATLAS
# This file was created by ATLAS version 5.18.3.R on Fri Feb 12 15:47:06 2021.
#SSF 2.0 generic
##############################################################################
#                    Copyright © 1984 - 2012                                 #
#                    Silvaco Inc. All rights reserved                        #
#                                                                            #
# This file format and the following Key are copyright Silvaco Inc.          #
# You may not use, this format or key without reproducing this message in    #
# full and obtaining express written permission from Silvaco Inc.            #
#                                                                            #
# To obtain such permission please contact: Silvaco Inc.                     #
#                                           support@silvaco.com              #
#                                                                            #
# KEY=SVC86hn7562asdx                       PROD=345                         #
##############################################################################
y 1 15
z 300
f 3 "emitter" "base" "collector" 
p 9 2 601 20 3 602 21 4 603 22 
d 0.000000000e+000 0.000000000e+000 -4.922273988e-009 6.359737166e-001 6.359737166e-001 3.000000000e-006 0.000000000e+000 0.000000000e+000 -2.995077726e-006 
d 0.000000000e+000 0.000000000e+000 -5.114629787e-007 7.320235400e-001 7.320235400e-001 3.000000000e-006 1.000000000e-001 1.000000000e-001 -2.488537021e-006 
d 0.000000000e+000 0.000000000e+000 -4.663699251e-006 7.891057090e-001 7.891057090e-001 3.000000000e-006 2.000000000e-001 2.000000000e-001 1.663699251e-006 
d 0.000000000e+000 0.000000000e+000 -7.550097594e-006 8.016751754e-001 8.016751754e-001 3.000000000e-006 3.000000000e-001 3.000000000e-001 4.550097591e-006 
d 0.000000000e+000 0.000000000e+000 -7.820151466e-006 8.025912590e-001 8.025912590e-001 3.000000005e-006 4.000000000e-001 4.000000000e-001 4.820151127e-006 
d 0.000000000e+000 0.000000000e+000 -7.831319211e-006 8.026261323e-001 8.026261323e-001 3.000000000e-006 5.000000000e-001 5.000000000e-001 4.831319211e-006 
d 0.000000000e+000 0.000000000e+000 -7.833100178e-006 8.026301048e-001 8.026301048e-001 3.000000000e-006 6.000000000e-001 6.000000000e-001 4.833100178e-006 
d 0.000000000e+000 0.000000000e+000 -7.834480237e-006 8.026328611e-001 8.026328611e-001 3.000000000e-006 7.000000000e-001 7.000000000e-001 4.834480237e-006 
d 0.000000000e+000 0.000000000e+000 -7.835810336e-006 8.026354728e-001 8.026354728e-001 3.000000000e-006 8.000000000e-001 8.000000000e-001 4.835810336e-006 
d 0.000000000e+000 0.000000000e+000 -7.837136130e-006 8.026380493e-001 8.026380493e-001 3.000000000e-006 9.000000000e-001 9.000000000e-001 4.837136131e-006 
d 0.000000000e+000 0.000000000e+000 -7.838474041e-006 8.026406261e-001 8.026406261e-001 3.000000000e-006 1.000000000e+000 1.000000000e+000 4.838474041e-006 
d 0.000000000e+000 0.000000000e+000 -7.839830505e-006 8.026432163e-001 8.026432163e-001 3.000000000e-006 1.100000000e+000 1.100000000e+000 4.839830505e-006 
d 0.000000000e+000 0.000000000e+000 -7.841207092e-006 8.026458226e-001 8.026458226e-001 3.000000000e-006 1.200000000e+000 1.200000000e+000 4.841207092e-006 
d 0.000000000e+000 0.000000000e+000 -7.842602706e-006 8.026484423e-001 8.026484423e-001 3.000000000e-006 1.300000000e+000 1.300000000e+000 4.842602706e-006 
d 0.000000000e+000 0.000000000e+000 -7.844014646e-006 8.026510691e-001 8.026510691e-001 3.000000000e-006 1.400000000e+000 1.400000000e+000 4.844014646e-006 
d 0.000000000e+000 0.000000000e+000 -7.845439160e-006 8.026536943e-001 8.026536943e-001 3.000000000e-006 1.500000000e+000 1.500000000e+000 4.845439160e-006 
d 0.000000000e+000 0.000000000e+000 -7.846871817e-006 8.026563078e-001 8.026563078e-001 3.000000000e-006 1.600000000e+000 1.600000000e+000 4.846871817e-006 
d 0.000000000e+000 0.000000000e+000 -7.848307791e-006 8.026588987e-001 8.026588987e-001 3.000000000e-006 1.700000000e+000 1.700000000e+000 4.848307791e-006 
d 0.000000000e+000 0.000000000e+000 -7.849742086e-006 8.026614555e-001 8.026614555e-001 3.000000000e-006 1.800000000e+000 1.800000000e+000 4.849742086e-006 
d 0.000000000e+000 0.000000000e+000 -7.851169742e-006 8.026639670e-001 8.026639670e-001 3.000000000e-006 1.900000000e+000 1.900000000e+000 4.851169742e-006 
d 0.000000000e+000 0.000000000e+000 -7.852586023e-006 8.026664226e-001 8.026664226e-001 3.000000000e-006 2.000000000e+000 2.000000000e+000 4.852586023e-006 
d 0.000000000e+000 0.000000000e+000 -7.853986604e-006 8.026688129e-001 8.026688129e-001 3.000000000e-006 2.100000000e+000 2.100000000e+000 4.853986604e-006 
d 0.000000000e+000 0.000000000e+000 -7.855367728e-006 8.026711298e-001 8.026711298e-001 3.000000000e-006 2.200000000e+000 2.200000000e+000 4.855367728e-006 
d 0.000000000e+000 0.000000000e+000 -7.856726329e-006 8.026733672e-001 8.026733672e-001 3.000000000e-006 2.300000000e+000 2.300000000e+000 4.856726329e-006 
d 0.000000000e+000 0.000000000e+000 -7.858060085e-006 8.026755209e-001 8.026755209e-001 3.000000000e-006 2.400000000e+000 2.400000000e+000 4.858060085e-006 
d 0.000000000e+000 0.000000000e+000 -7.859367416e-006 8.026775886e-001 8.026775886e-001 3.000000000e-006 2.500000000e+000 2.500000000e+000 4.859367416e-006 
d 0.000000000e+000 0.000000000e+000 -7.860647422e-006 8.026795699e-001 8.026795699e-001 3.000000000e-006 2.600000000e+000 2.600000000e+000 4.860647422e-006 
d 0.000000000e+000 0.000000000e+000 -7.861899781e-006 8.026814657e-001 8.026814657e-001 3.000000000e-006 2.700000000e+000 2.700000000e+000 4.861899781e-006 
d 0.000000000e+000 0.000000000e+000 -7.863124635e-006 8.026832781e-001 8.026832781e-001 3.000000000e-006 2.800000000e+000 2.800000000e+000 4.863124635e-006 
d 0.000000000e+000 0.000000000e+000 -7.864322470e-006 8.026850101e-001 8.026850101e-001 3.000000000e-006 2.900000000e+000 2.900000000e+000 4.864322470e-006 
d 0.000000000e+000 0.000000000e+000 -7.865494013e-006 8.026866652e-001 8.026866652e-001 3.000000000e-006 3.000000000e+000 3.000000000e+000 4.865494013e-006 
d 0.000000000e+000 0.000000000e+000 -7.866640139e-006 8.026882472e-001 8.026882472e-001 3.000000000e-006 3.100000000e+000 3.100000000e+000 4.866640139e-006 
d 0.000000000e+000 0.000000000e+000 -7.867761809e-006 8.026897600e-001 8.026897600e-001 3.000000000e-006 3.200000000e+000 3.200000000e+000 4.867761809e-006 
d 0.000000000e+000 0.000000000e+000 -7.868860016e-006 8.026912077e-001 8.026912077e-001 3.000000000e-006 3.300000000e+000 3.300000000e+000 4.868860016e-006 
d 0.000000000e+000 0.000000000e+000 -7.869935754e-006 8.026925940e-001 8.026925940e-001 3.000000000e-006 3.400000000e+000 3.400000000e+000 4.869935754e-006 
d 0.000000000e+000 0.000000000e+000 -7.870989992e-006 8.026939227e-001 8.026939227e-001 3.000000000e-006 3.500000000e+000 3.500000000e+000 4.870989992e-006 
d 0.000000000e+000 0.000000000e+000 -7.872023664e-006 8.026951973e-001 8.026951973e-001 3.000000000e-006 3.600000000e+000 3.600000000e+000 4.872023664e-006 
d 0.000000000e+000 0.000000000e+000 -7.873037657e-006 8.026964212e-001 8.026964212e-001 3.000000000e-006 3.700000000e+000 3.700000000e+000 4.873037657e-006 
d 0.000000000e+000 0.000000000e+000 -7.874032815e-006 8.026975974e-001 8.026975974e-001 3.000000000e-006 3.800000000e+000 3.800000000e+000 4.874032815e-006 
d 0.000000000e+000 0.000000000e+000 -7.875009931e-006 8.026987290e-001 8.026987290e-001 3.000000000e-006 3.900000000e+000 3.900000000e+000 4.875009931e-006 
d 0.000000000e+000 0.000000000e+000 -7.875969753e-006 8.026998185e-001 8.026998185e-001 3.000000000e-006 4.000000000e+000 4.000000000e+000 4.875969753e-006 
d 0.000000000e+000 0.000000000e+000 -7.876912985e-006 8.027008686e-001 8.027008686e-001 3.000000000e-006 4.100000000e+000 4.100000000e+000 4.876912985e-006 
d 0.000000000e+000 0.000000000e+000 -7.877840291e-006 8.027018816e-001 8.027018816e-001 3.000000000e-006 4.200000000e+000 4.200000000e+000 4.877840291e-006 
d 0.000000000e+000 0.000000000e+000 -7.878752296e-006 8.027028597e-001 8.027028597e-001 3.000000000e-006 4.300000000e+000 4.300000000e+000 4.878752296e-006 
d 0.000000000e+000 0.000000000e+000 -7.879649590e-006 8.027038049e-001 8.027038049e-001 3.000000000e-006 4.400000000e+000 4.400000000e+000 4.879649590e-006 
d 0.000000000e+000 0.000000000e+000 -7.880532732e-006 8.027047190e-001 8.027047190e-001 3.000000000e-006 4.500000000e+000 4.500000000e+000 4.880532732e-006 
d 0.000000000e+000 0.000000000e+000 -7.881402252e-006 8.027056039e-001 8.027056039e-001 3.000000000e-006 4.600000000e+000 4.600000000e+000 4.881402252e-006 
d 0.000000000e+000 0.000000000e+000 -7.882258657e-006 8.027064611e-001 8.027064611e-001 3.000000000e-006 4.700000000e+000 4.700000000e+000 4.882258657e-006 
d 0.000000000e+000 0.000000000e+000 -7.883102427e-006 8.027072922e-001 8.027072922e-001 3.000000000e-006 4.800000000e+000 4.800000000e+000 4.883102427e-006 
d 0.000000000e+000 0.000000000e+000 -7.883934023e-006 8.027080985e-001 8.027080985e-001 3.000000000e-006 4.900000000e+000 4.900000000e+000 4.883934023e-006 
d 0.000000000e+000 0.000000000e+000 -7.884753888e-006 8.027088813e-001 8.027088813e-001 3.000000000e-006 5.000000000e+000 5.000000000e+000 4.884753888e-006 
