v ATLAS
# This file was created by ATLAS version 5.18.3.R on Fri Feb 12 15:46:59 2021.
#SSF 2.0 generic
##############################################################################
#                    Copyright © 1984 - 2012                                 #
#                    Silvaco Inc. All rights reserved                        #
#                                                                            #
# This file format and the following Key are copyright Silvaco Inc.          #
# You may not use, this format or key without reproducing this message in    #
# full and obtaining express written permission from Silvaco Inc.            #
#                                                                            #
# To obtain such permission please contact: Silvaco Inc.                     #
#                                           support@silvaco.com              #
#                                                                            #
# KEY=SVC86hn7562asdx                       PROD=345                         #
##############################################################################
y 1 15
z 300
f 3 "emitter" "base" "collector" 
p 9 2 601 20 3 602 21 4 603 22 
d 0.000000000e+000 0.000000000e+000 -2.552467411e-009 6.187559680e-001 6.187559680e-001 2.000000000e-006 0.000000000e+000 0.000000000e+000 -1.997447533e-006 
d 0.000000000e+000 0.000000000e+000 -2.777055704e-007 7.159088735e-001 7.159088735e-001 2.000000000e-006 1.000000000e-001 1.000000000e-001 -1.722294430e-006 
d 0.000000000e+000 0.000000000e+000 -3.048400565e-006 7.777522313e-001 7.777522313e-001 2.000000000e-006 2.000000000e-001 2.000000000e-001 1.048400565e-006 
d 0.000000000e+000 0.000000000e+000 -5.054036035e-006 7.909112429e-001 7.909112429e-001 2.000000001e-006 3.000000000e-001 3.000000000e-001 3.054036015e-006 
d 0.000000000e+000 0.000000000e+000 -5.224246492e-006 7.917720797e-001 7.917720797e-001 2.000000006e-006 4.000000000e-001 4.000000000e-001 3.224245980e-006 
d 0.000000000e+000 0.000000000e+000 -5.231210896e-006 7.918043101e-001 7.918043101e-001 2.000000000e-006 5.000000000e-001 5.000000000e-001 3.231210896e-006 
d 0.000000000e+000 0.000000000e+000 -5.232345538e-006 7.918079324e-001 7.918079324e-001 2.000000000e-006 6.000000000e-001 6.000000000e-001 3.232345538e-006 
d 0.000000000e+000 0.000000000e+000 -5.233243689e-006 7.918104713e-001 7.918104713e-001 2.000000000e-006 7.000000000e-001 7.000000000e-001 3.233243689e-006 
d 0.000000000e+000 0.000000000e+000 -5.234120026e-006 7.918129097e-001 7.918129097e-001 2.000000000e-006 8.000000000e-001 8.000000000e-001 3.234120029e-006 
d 0.000000000e+000 0.000000000e+000 -5.234999711e-006 7.918153363e-001 7.918153363e-001 2.000000000e-006 9.000000000e-001 9.000000000e-001 3.234999711e-006 
d 0.000000000e+000 0.000000000e+000 -5.235891077e-006 7.918177770e-001 7.918177770e-001 2.000000000e-006 1.000000000e+000 1.000000000e+000 3.235891077e-006 
d 0.000000000e+000 0.000000000e+000 -5.236796922e-006 7.918202395e-001 7.918202395e-001 2.000000000e-006 1.100000000e+000 1.100000000e+000 3.236796922e-006 
d 0.000000000e+000 0.000000000e+000 -5.237717349e-006 7.918227234e-001 7.918227234e-001 2.000000000e-006 1.200000000e+000 1.200000000e+000 3.237717349e-006 
d 0.000000000e+000 0.000000000e+000 -5.238650994e-006 7.918252237e-001 7.918252237e-001 2.000000000e-006 1.300000000e+000 1.300000000e+000 3.238650994e-006 
d 0.000000000e+000 0.000000000e+000 -5.239595623e-006 7.918277326e-001 7.918277326e-001 2.000000000e-006 1.400000000e+000 1.400000000e+000 3.239595623e-006 
d 0.000000000e+000 0.000000000e+000 -5.240548429e-006 7.918302407e-001 7.918302407e-001 2.000000000e-006 1.500000000e+000 1.500000000e+000 3.240548429e-006 
d 0.000000000e+000 0.000000000e+000 -5.241506240e-006 7.918327372e-001 7.918327372e-001 2.000000000e-006 1.600000000e+000 1.600000000e+000 3.241506240e-006 
d 0.000000000e+000 0.000000000e+000 -5.242465680e-006 7.918352107e-001 7.918352107e-001 2.000000000e-006 1.700000000e+000 1.700000000e+000 3.242465680e-006 
d 0.000000000e+000 0.000000000e+000 -5.243423329e-006 7.918376497e-001 7.918376497e-001 2.000000000e-006 1.800000000e+000 1.800000000e+000 3.243423329e-006 
d 0.000000000e+000 0.000000000e+000 -5.244375858e-006 7.918400431e-001 7.918400431e-001 2.000000000e-006 1.900000000e+000 1.900000000e+000 3.244375858e-006 
d 0.000000000e+000 0.000000000e+000 -5.245320147e-006 7.918423805e-001 7.918423805e-001 2.000000000e-006 2.000000000e+000 2.000000000e+000 3.245320147e-006 
d 0.000000000e+000 0.000000000e+000 -5.246253398e-006 7.918446531e-001 7.918446531e-001 2.000000000e-006 2.100000000e+000 2.100000000e+000 3.246253398e-006 
d 0.000000000e+000 0.000000000e+000 -5.247173224e-006 7.918468533e-001 7.918468533e-001 2.000000000e-006 2.200000000e+000 2.200000000e+000 3.247173224e-006 
d 0.000000000e+000 0.000000000e+000 -5.248077708e-006 7.918489755e-001 7.918489755e-001 2.000000000e-006 2.300000000e+000 2.300000000e+000 3.248077708e-006 
d 0.000000000e+000 0.000000000e+000 -5.248965431e-006 7.918510162e-001 7.918510162e-001 2.000000000e-006 2.400000000e+000 2.400000000e+000 3.248965431e-006 
d 0.000000000e+000 0.000000000e+000 -5.249835459e-006 7.918529735e-001 7.918529735e-001 2.000000000e-006 2.500000000e+000 2.500000000e+000 3.249835459e-006 
d 0.000000000e+000 0.000000000e+000 -5.250687291e-006 7.918548472e-001 7.918548472e-001 2.000000000e-006 2.600000000e+000 2.600000000e+000 3.250687291e-006 
d 0.000000000e+000 0.000000000e+000 -5.251520795e-006 7.918566387e-001 7.918566387e-001 2.000000000e-006 2.700000000e+000 2.700000000e+000 3.251520795e-006 
d 0.000000000e+000 0.000000000e+000 -5.252336127e-006 7.918583501e-001 7.918583501e-001 2.000000000e-006 2.800000000e+000 2.800000000e+000 3.252336127e-006 
d 0.000000000e+000 0.000000000e+000 -5.253133652e-006 7.918599846e-001 7.918599846e-001 2.000000000e-006 2.900000000e+000 2.900000000e+000 3.253133652e-006 
d 0.000000000e+000 0.000000000e+000 -5.253913881e-006 7.918615456e-001 7.918615456e-001 2.000000000e-006 3.000000000e+000 3.000000000e+000 3.253913881e-006 
d 0.000000000e+000 0.000000000e+000 -5.254677408e-006 7.918630370e-001 7.918630370e-001 2.000000000e-006 3.100000000e+000 3.100000000e+000 3.254677408e-006 
d 0.000000000e+000 0.000000000e+000 -5.255424876e-006 7.918644626e-001 7.918644626e-001 2.000000000e-006 3.200000000e+000 3.200000000e+000 3.255424876e-006 
d 0.000000000e+000 0.000000000e+000 -5.256156939e-006 7.918658262e-001 7.918658262e-001 2.000000000e-006 3.300000000e+000 3.300000000e+000 3.256156939e-006 
d 0.000000000e+000 0.000000000e+000 -5.256874244e-006 7.918671317e-001 7.918671317e-001 2.000000000e-006 3.400000000e+000 3.400000000e+000 3.256874244e-006 
d 0.000000000e+000 0.000000000e+000 -5.257577420e-006 7.918683825e-001 7.918683825e-001 2.000000000e-006 3.500000000e+000 3.500000000e+000 3.257577420e-006 
d 0.000000000e+000 0.000000000e+000 -5.258267068e-006 7.918695820e-001 7.918695820e-001 2.000000000e-006 3.600000000e+000 3.600000000e+000 3.258267068e-006 
d 0.000000000e+000 0.000000000e+000 -5.258943761e-006 7.918707334e-001 7.918707334e-001 2.000000000e-006 3.700000000e+000 3.700000000e+000 3.258943761e-006 
d 0.000000000e+000 0.000000000e+000 -5.259608038e-006 7.918718397e-001 7.918718397e-001 2.000000000e-006 3.800000000e+000 3.800000000e+000 3.259608038e-006 
d 0.000000000e+000 0.000000000e+000 -5.260260411e-006 7.918729036e-001 7.918729036e-001 2.000000000e-006 3.900000000e+000 3.900000000e+000 3.260260411e-006 
d 0.000000000e+000 0.000000000e+000 -5.260901360e-006 7.918739277e-001 7.918739277e-001 2.000000000e-006 4.000000000e+000 4.000000000e+000 3.260901360e-006 
d 0.000000000e+000 0.000000000e+000 -5.261531340e-006 7.918749145e-001 7.918749145e-001 2.000000000e-006 4.100000000e+000 4.100000000e+000 3.261531340e-006 
d 0.000000000e+000 0.000000000e+000 -5.262150781e-006 7.918758662e-001 7.918758662e-001 2.000000000e-006 4.200000000e+000 4.200000000e+000 3.262150781e-006 
d 0.000000000e+000 0.000000000e+000 -5.262760088e-006 7.918767847e-001 7.918767847e-001 2.000000000e-006 4.300000000e+000 4.300000000e+000 3.262760088e-006 
d 0.000000000e+000 0.000000000e+000 -5.263359648e-006 7.918776722e-001 7.918776722e-001 2.000000000e-006 4.400000000e+000 4.400000000e+000 3.263359648e-006 
d 0.000000000e+000 0.000000000e+000 -5.263949825e-006 7.918785304e-001 7.918785304e-001 2.000000000e-006 4.500000000e+000 4.500000000e+000 3.263949825e-006 
d 0.000000000e+000 0.000000000e+000 -5.264530968e-006 7.918793609e-001 7.918793609e-001 2.000000000e-006 4.600000000e+000 4.600000000e+000 3.264530968e-006 
d 0.000000000e+000 0.000000000e+000 -5.265103410e-006 7.918801652e-001 7.918801652e-001 2.000000000e-006 4.700000000e+000 4.700000000e+000 3.265103410e-006 
d 0.000000000e+000 0.000000000e+000 -5.265667467e-006 7.918809450e-001 7.918809450e-001 2.000000000e-006 4.800000000e+000 4.800000000e+000 3.265667467e-006 
d 0.000000000e+000 0.000000000e+000 -5.266223446e-006 7.918817014e-001 7.918817014e-001 2.000000000e-006 4.900000000e+000 4.900000000e+000 3.266223446e-006 
d 0.000000000e+000 0.000000000e+000 -5.266771639e-006 7.918824357e-001 7.918824357e-001 2.000000000e-006 5.000000000e+000 5.000000000e+000 3.266771639e-006 
