v ATLAS
# This file was created by ATLAS version 5.18.3.R on Fri Feb 12 15:47:12 2021.
#SSF 2.0 generic
##############################################################################
#                    Copyright © 1984 - 2012                                 #
#                    Silvaco Inc. All rights reserved                        #
#                                                                            #
# This file format and the following Key are copyright Silvaco Inc.          #
# You may not use, this format or key without reproducing this message in    #
# full and obtaining express written permission from Silvaco Inc.            #
#                                                                            #
# To obtain such permission please contact: Silvaco Inc.                     #
#                                           support@silvaco.com              #
#                                                                            #
# KEY=SVC86hn7562asdx                       PROD=345                         #
##############################################################################
y 1 15
z 300
f 3 "emitter" "base" "collector" 
p 9 2 601 20 3 602 21 4 603 22 
d 0.000000000e+000 0.000000000e+000 -7.986371462e-009 6.487068943e-001 6.487068943e-001 4.000000000e-006 0.000000000e+000 0.000000000e+000 -3.992013629e-006 
d 0.000000000e+000 0.000000000e+000 -7.924093007e-007 7.436585463e-001 7.436585463e-001 4.000000000e-006 1.000000000e-001 1.000000000e-001 -3.207590699e-006 
d 0.000000000e+000 0.000000000e+000 -6.282566880e-006 7.971587243e-001 7.971587243e-001 4.000000000e-006 2.000000000e-001 2.000000000e-001 2.282566880e-006 
d 0.000000000e+000 0.000000000e+000 -1.002349938e-005 8.093756918e-001 8.093756918e-001 4.000000000e-006 3.000000000e-001 3.000000000e-001 6.023499384e-006 
d 0.000000000e+000 0.000000000e+000 -1.040452385e-005 8.103510650e-001 8.103510650e-001 4.000000004e-006 4.000000000e-001 4.000000000e-001 6.404523584e-006 
d 0.000000000e+000 0.000000000e+000 -1.042047642e-005 8.103888409e-001 8.103888409e-001 4.000000000e-006 5.000000000e-001 5.000000000e-001 6.420476418e-006 
d 0.000000000e+000 0.000000000e+000 -1.042295487e-005 8.103931732e-001 8.103931732e-001 4.000000000e-006 6.000000000e-001 6.000000000e-001 6.422954868e-006 
d 0.000000000e+000 0.000000000e+000 -1.042483725e-005 8.103961489e-001 8.103961489e-001 4.000000000e-006 7.000000000e-001 7.000000000e-001 6.424837249e-006 
d 0.000000000e+000 0.000000000e+000 -1.042663147e-005 8.103989354e-001 8.103989354e-001 4.000000000e-006 8.000000000e-001 8.000000000e-001 6.426631465e-006 
d 0.000000000e+000 0.000000000e+000 -1.042840816e-005 8.104016625e-001 8.104016625e-001 4.000000000e-006 9.000000000e-001 9.000000000e-001 6.428408164e-006 
d 0.000000000e+000 0.000000000e+000 -1.043019403e-005 8.104043753e-001 8.104043753e-001 4.000000000e-006 1.000000000e+000 1.000000000e+000 6.430194035e-006 
d 0.000000000e+000 0.000000000e+000 -1.043200043e-005 8.104070924e-001 8.104070924e-001 4.000000000e-006 1.100000000e+000 1.100000000e+000 6.432000431e-006 
d 0.000000000e+000 0.000000000e+000 -1.043383120e-005 8.104098199e-001 8.104098199e-001 4.000000000e-006 1.200000000e+000 1.200000000e+000 6.433831202e-006 
d 0.000000000e+000 0.000000000e+000 -1.043568607e-005 8.104125571e-001 8.104125571e-001 4.000000000e-006 1.300000000e+000 1.300000000e+000 6.435686073e-006 
d 0.000000000e+000 0.000000000e+000 -1.043756227e-005 8.104152992e-001 8.104152992e-001 4.000000000e-006 1.400000000e+000 1.400000000e+000 6.437562267e-006 
d 0.000000000e+000 0.000000000e+000 -1.043945539e-005 8.104180385e-001 8.104180385e-001 4.000000000e-006 1.500000000e+000 1.500000000e+000 6.439455388e-006 
d 0.000000000e+000 0.000000000e+000 -1.044135997e-005 8.104207656e-001 8.104207656e-001 4.000000000e-006 1.600000000e+000 1.600000000e+000 6.441359975e-006 
d 0.000000000e+000 0.000000000e+000 -1.044326991e-005 8.104234700e-001 8.104234700e-001 4.000000000e-006 1.700000000e+000 1.700000000e+000 6.443269908e-006 
d 0.000000000e+000 0.000000000e+000 -1.044517872e-005 8.104261404e-001 8.104261404e-001 4.000000000e-006 1.800000000e+000 1.800000000e+000 6.445178720e-006 
d 0.000000000e+000 0.000000000e+000 -1.044707987e-005 8.104287656e-001 8.104287656e-001 4.000000000e-006 1.900000000e+000 1.900000000e+000 6.447079871e-006 
d 0.000000000e+000 0.000000000e+000 -1.044896702e-005 8.104313348e-001 8.104313348e-001 4.000000000e-006 2.000000000e+000 2.000000000e+000 6.448967017e-006 
d 0.000000000e+000 0.000000000e+000 -1.045083427e-005 8.104338380e-001 8.104338380e-001 4.000000000e-006 2.100000000e+000 2.100000000e+000 6.450834274e-006 
d 0.000000000e+000 0.000000000e+000 -1.045267646e-005 8.104362670e-001 8.104362670e-001 4.000000000e-006 2.200000000e+000 2.200000000e+000 6.452676457e-006 
d 0.000000000e+000 0.000000000e+000 -1.045448926e-005 8.104386150e-001 8.104386150e-001 4.000000000e-006 2.300000000e+000 2.300000000e+000 6.454489260e-006 
d 0.000000000e+000 0.000000000e+000 -1.045626936e-005 8.104408773e-001 8.104408773e-001 4.000000000e-006 2.400000000e+000 2.400000000e+000 6.456269360e-006 
d 0.000000000e+000 0.000000000e+000 -1.045801443e-005 8.104430513e-001 8.104430513e-001 4.000000000e-006 2.500000000e+000 2.500000000e+000 6.458014429e-006 
d 0.000000000e+000 0.000000000e+000 -1.045972307e-005 8.104451360e-001 8.104451360e-001 4.000000000e-006 2.600000000e+000 2.600000000e+000 6.459723070e-006 
d 0.000000000e+000 0.000000000e+000 -1.046139469e-005 8.104471322e-001 8.104471322e-001 4.000000000e-006 2.700000000e+000 2.700000000e+000 6.461394691e-006 
d 0.000000000e+000 0.000000000e+000 -1.046302936e-005 8.104490418e-001 8.104490418e-001 4.000000000e-006 2.800000000e+000 2.800000000e+000 6.463029357e-006 
d 0.000000000e+000 0.000000000e+000 -1.046462763e-005 8.104508677e-001 8.104508677e-001 4.000000000e-006 2.900000000e+000 2.900000000e+000 6.464627630e-006 
d 0.000000000e+000 0.000000000e+000 -1.046619043e-005 8.104526133e-001 8.104526133e-001 4.000000000e-006 3.000000000e+000 3.000000000e+000 6.466190426e-006 
d 0.000000000e+000 0.000000000e+000 -1.046771889e-005 8.104542826e-001 8.104542826e-001 4.000000000e-006 3.100000000e+000 3.100000000e+000 6.467718891e-006 
d 0.000000000e+000 0.000000000e+000 -1.046921430e-005 8.104558794e-001 8.104558794e-001 4.000000000e-006 3.200000000e+000 3.200000000e+000 6.469214305e-006 
d 0.000000000e+000 0.000000000e+000 -1.047067801e-005 8.104574080e-001 8.104574080e-001 4.000000000e-006 3.300000000e+000 3.300000000e+000 6.470678011e-006 
d 0.000000000e+000 0.000000000e+000 -1.047211136e-005 8.104588723e-001 8.104588723e-001 4.000000000e-006 3.400000000e+000 3.400000000e+000 6.472111359e-006 
d 0.000000000e+000 0.000000000e+000 -1.047351568e-005 8.104602761e-001 8.104602761e-001 4.000000000e-006 3.500000000e+000 3.500000000e+000 6.473515679e-006 
d 0.000000000e+000 0.000000000e+000 -1.047489225e-005 8.104616231e-001 8.104616231e-001 4.000000000e-006 3.600000000e+000 3.600000000e+000 6.474892251e-006 
d 0.000000000e+000 0.000000000e+000 -1.047624230e-005 8.104629169e-001 8.104629169e-001 4.000000000e-006 3.700000000e+000 3.700000000e+000 6.476242298e-006 
d 0.000000000e+000 0.000000000e+000 -1.047756698e-005 8.104641607e-001 8.104641607e-001 4.000000000e-006 3.800000000e+000 3.800000000e+000 6.477566978e-006 
d 0.000000000e+000 0.000000000e+000 -1.047886738e-005 8.104653575e-001 8.104653575e-001 4.000000000e-006 3.900000000e+000 3.900000000e+000 6.478867385e-006 
d 0.000000000e+000 0.000000000e+000 -1.048014454e-005 8.104665102e-001 8.104665102e-001 4.000000000e-006 4.000000000e+000 4.000000000e+000 6.480144543e-006 
d 0.000000000e+000 0.000000000e+000 -1.048139942e-005 8.104676214e-001 8.104676214e-001 4.000000000e-006 4.100000000e+000 4.100000000e+000 6.481399419e-006 
d 0.000000000e+000 0.000000000e+000 -1.048263292e-005 8.104686937e-001 8.104686937e-001 4.000000000e-006 4.200000000e+000 4.200000000e+000 6.482632916e-006 
d 0.000000000e+000 0.000000000e+000 -1.048384589e-005 8.104697292e-001 8.104697292e-001 4.000000000e-006 4.300000000e+000 4.300000000e+000 6.483845888e-006 
d 0.000000000e+000 0.000000000e+000 -1.048503914e-005 8.104707300e-001 8.104707300e-001 4.000000000e-006 4.400000000e+000 4.400000000e+000 6.485039137e-006 
d 0.000000000e+000 0.000000000e+000 -1.048621342e-005 8.104716982e-001 8.104716982e-001 4.000000000e-006 4.500000000e+000 4.500000000e+000 6.486213421e-006 
d 0.000000000e+000 0.000000000e+000 -1.048736946e-005 8.104726355e-001 8.104726355e-001 4.000000000e-006 4.600000000e+000 4.600000000e+000 6.487369457e-006 
d 0.000000000e+000 0.000000000e+000 -1.048850793e-005 8.104735437e-001 8.104735437e-001 4.000000000e-006 4.700000000e+000 4.700000000e+000 6.488507928e-006 
d 0.000000000e+000 0.000000000e+000 -1.048962948e-005 8.104744242e-001 8.104744242e-001 4.000000000e-006 4.800000000e+000 4.800000000e+000 6.489629483e-006 
d 0.000000000e+000 0.000000000e+000 -1.049073474e-005 8.104752786e-001 8.104752786e-001 4.000000000e-006 4.900000000e+000 4.900000000e+000 6.490734741e-006 
d 0.000000000e+000 0.000000000e+000 -1.049182430e-005 8.104761082e-001 8.104761082e-001 4.000000000e-006 5.000000000e+000 5.000000000e+000 6.491824298e-006 
