v ATLAS
# This file was created by ATLAS version 5.18.3.R on Fri Feb 12 15:46:40 2021.
#SSF 2.0 generic
##############################################################################
#                    Copyright © 1984 - 2012                                 #
#                    Silvaco Inc. All rights reserved                        #
#                                                                            #
# This file format and the following Key are copyright Silvaco Inc.          #
# You may not use, this format or key without reproducing this message in    #
# full and obtaining express written permission from Silvaco Inc.            #
#                                                                            #
# To obtain such permission please contact: Silvaco Inc.                     #
#                                           support@silvaco.com              #
#                                                                            #
# KEY=SVC86hn7562asdx                       PROD=345                         #
##############################################################################
y 1 15
z 300
f 3 "emitter" "base" "collector" 
p 9 2 601 20 3 602 21 4 603 22 
d 0.000000000e+000 0.000000000e+000 -2.284466165e-019 0.000000000e+000 0.000000000e+000 -1.957012964e-014 2.000000000e+000 2.000000000e+000 1.957027318e-014 
d 0.000000000e+000 0.000000000e+000 -1.573062229e-018 5.000000000e-002 5.000000000e-002 -1.944140960e-014 2.000000000e+000 2.000000000e+000 1.944281114e-014 
d 0.000000000e+000 0.000000000e+000 -1.484172223e-017 1.000000000e-001 1.000000000e-001 -1.929657784e-014 2.000000000e+000 2.000000000e+000 1.931033573e-014 
d 0.000000000e+000 0.000000000e+000 -9.337251550e-017 1.500000000e-001 1.500000000e-001 -1.911517821e-014 2.000000000e+000 2.000000000e+000 1.920862878e-014 
d 0.000000000e+000 0.000000000e+000 -6.504415660e-016 2.000000000e-001 2.000000000e-001 -1.873508581e-014 2.000000000e+000 2.000000000e+000 1.938546703e-014 
d 0.000000000e+000 0.000000000e+000 -4.473530906e-015 2.500000000e-001 2.500000000e-001 -1.707556363e-014 2.000000000e+000 2.000000000e+000 2.154896320e-014 
d 0.000000000e+000 0.000000000e+000 -3.078686149e-014 3.000000000e-001 3.000000000e-001 -6.694760979e-015 2.000000000e+000 2.000000000e+000 3.747991546e-014 
d 0.000000000e+000 0.000000000e+000 -2.119223592e-013 3.500000000e-001 3.500000000e-001 6.347510549e-014 2.000000000e+000 2.000000000e+000 1.484480127e-013 
d 0.000000000e+000 0.000000000e+000 -1.459259083e-012 4.000000000e-001 4.000000000e-001 5.441410067e-013 2.000000000e+000 2.000000000e+000 9.151173973e-013 
d 0.000000000e+000 0.000000000e+000 -1.005040392e-011 4.500000000e-001 4.500000000e-001 3.844999418e-012 2.000000000e+000 2.000000000e+000 6.205404026e-012 
d 0.000000000e+000 0.000000000e+000 -6.923218812e-011 5.000000000e-001 5.000000000e-001 2.652934938e-011 2.000000000e+000 2.000000000e+000 4.270284003e-011 
d 0.000000000e+000 0.000000000e+000 -4.769625154e-010 5.500000000e-001 5.500000000e-001 1.824810920e-010 2.000000000e+000 2.000000000e+000 2.944814232e-010 
d 0.000000000e+000 0.000000000e+000 -3.286125818e-009 6.000000000e-001 6.000000000e-001 1.254883718e-009 2.000000000e+000 2.000000000e+000 2.031242100e-009 
d 0.000000000e+000 0.000000000e+000 -2.263829889e-008 6.500000000e-001 6.500000000e-001 8.629751700e-009 2.000000000e+000 2.000000000e+000 1.400854718e-008 
d 0.000000000e+000 0.000000000e+000 -1.558414130e-007 7.000000000e-001 7.000000000e-001 5.931668440e-008 2.000000000e+000 2.000000000e+000 9.652472861e-008 
d 0.000000000e+000 0.000000000e+000 -1.067908468e-006 7.500000000e-001 7.500000000e-001 4.061828276e-007 2.000000000e+000 2.000000000e+000 6.617256401e-007 
d 0.000000000e+000 0.000000000e+000 -7.113220108e-006 8.000000000e-001 8.000000000e-001 2.715996943e-006 2.000000000e+000 2.000000000e+000 4.397223165e-006 
d 0.000000000e+000 0.000000000e+000 -4.113966143e-005 8.500000000e-001 8.500000000e-001 1.613937081e-005 2.000000000e+000 2.000000000e+000 2.500029063e-005 
d 0.000000000e+000 0.000000000e+000 -1.667701545e-004 9.000000000e-001 9.000000000e-001 7.141751156e-005 2.000000000e+000 2.000000000e+000 9.535264399e-005 
d 0.000000000e+000 0.000000000e+000 -4.602939504e-004 9.500000000e-001 9.500000000e-001 2.251032758e-004 2.000000000e+000 2.000000000e+000 2.351906747e-004 
d 0.000000000e+000 0.000000000e+000 -6.859434106e-004 9.750000000e-001 9.750000000e-001 3.581677145e-004 2.000000000e+000 2.000000000e+000 3.277756960e-004 
d 0.000000000e+000 0.000000000e+000 -9.672238621e-004 1.000000000e+000 1.000000000e+000 5.362519160e-004 2.000000000e+000 2.000000000e+000 4.309719461e-004 
