v ATLAS
# This file was created by ATLAS version 5.20.2.R on Fri Feb 26 15:48:05 2021.
#SSF 2.0 generic
##############################################################################
#                    Copyright (c) 1984 - 2015                               #
#                    Silvaco Inc. All rights reserved                        #
#                                                                            #
# This file format and the following Key are copyright Silvaco Inc.          #
# You may not use, this format or key without reproducing this message in    #
# full and obtaining express written permission from Silvaco Inc.            #
#                                                                            #
# To obtain such permission please contact: Silvaco Inc.                     #
#                                           support@silvaco.com              #
#                                                                            #
# KEY=SVC86hn7562asdx                       PROD=345                         #
##############################################################################
y 1 15
z 300
f 2 "Anode" "cathode" 
p 6 2 601 20 3 602 21 
d 0.000000000e+000 0.000000000e+000 -1.733746643e-021 0.000000000e+000 0.000000000e+000 -4.895284639e-021 
d 1.000000000e-002 1.000000000e-002 3.359956966e-015 0.000000000e+000 0.000000000e+000 -3.359959860e-015 
d 2.000000000e-002 2.000000000e-002 7.446703067e-015 0.000000000e+000 0.000000000e+000 -7.446692896e-015 
d 3.000000000e-002 3.000000000e-002 1.249392434e-014 0.000000000e+000 0.000000000e+000 -1.249393675e-014 
d 4.000000000e-002 4.000000000e-002 1.881387515e-014 0.000000000e+000 0.000000000e+000 -1.881386573e-014 
d 5.000000000e-002 5.000000000e-002 2.682678170e-014 0.000000000e+000 0.000000000e+000 -2.682675046e-014 
d 6.000000000e-002 6.000000000e-002 3.710234508e-014 0.000000000e+000 0.000000000e+000 -3.710235648e-014 
d 7.000000000e-002 7.000000000e-002 5.041912315e-014 0.000000000e+000 0.000000000e+000 -5.041912799e-014 
d 8.000000000e-002 8.000000000e-002 6.784899326e-014 0.000000000e+000 0.000000000e+000 -6.784902504e-014 
d 9.000000000e-002 9.000000000e-002 9.087804518e-014 0.000000000e+000 0.000000000e+000 -9.087806288e-014 
d 1.000000000e-001 1.000000000e-001 1.215806420e-013 0.000000000e+000 0.000000000e+000 -1.215806358e-013 
d 1.100000000e-001 1.100000000e-001 1.628694485e-013 0.000000000e+000 0.000000000e+000 -1.628694534e-013 
d 1.200000000e-001 1.200000000e-001 2.188565032e-013 0.000000000e+000 0.000000000e+000 -2.188564980e-013 
d 1.300000000e-001 1.300000000e-001 2.953752980e-013 0.000000000e+000 0.000000000e+000 -2.953752839e-013 
d 1.400000000e-001 1.400000000e-001 4.007370044e-013 0.000000000e+000 0.000000000e+000 -4.007370316e-013 
d 1.500000000e-001 1.500000000e-001 5.468276447e-013 0.000000000e+000 0.000000000e+000 -5.468276557e-013 
d 1.600000000e-001 1.600000000e-001 7.507019767e-013 0.000000000e+000 0.000000000e+000 -7.507019480e-013 
d 1.700000000e-001 1.700000000e-001 1.036901412e-012 0.000000000e+000 0.000000000e+000 -1.036901407e-012 
d 1.800000000e-001 1.800000000e-001 1.440828596e-012 0.000000000e+000 0.000000000e+000 -1.440828579e-012 
d 1.900000000e-001 1.900000000e-001 2.013663371e-012 0.000000000e+000 0.000000000e+000 -2.013663341e-012 
d 2.000000000e-001 2.000000000e-001 2.829529764e-012 0.000000000e+000 0.000000000e+000 -2.829529766e-012 
d 2.100000000e-001 2.100000000e-001 3.995949889e-012 0.000000000e+000 0.000000000e+000 -3.995949873e-012 
d 2.200000000e-001 2.200000000e-001 5.669099248e-012 0.000000000e+000 0.000000000e+000 -5.669099263e-012 
d 2.300000000e-001 2.300000000e-001 8.076076503e-012 0.000000000e+000 0.000000000e+000 -8.076076501e-012 
d 2.400000000e-001 2.400000000e-001 1.154742242e-011 0.000000000e+000 0.000000000e+000 -1.154742243e-011 
d 2.500000000e-001 2.500000000e-001 1.656461470e-011 0.000000000e+000 0.000000000e+000 -1.656461469e-011 
d 2.600000000e-001 2.600000000e-001 2.382944613e-011 0.000000000e+000 0.000000000e+000 -2.382944615e-011 
d 2.700000000e-001 2.700000000e-001 3.436537806e-011 0.000000000e+000 0.000000000e+000 -3.436537805e-011 
d 2.800000000e-001 2.800000000e-001 4.966561130e-011 0.000000000e+000 0.000000000e+000 -4.966561125e-011 
d 2.900000000e-001 2.900000000e-001 7.190940379e-011 0.000000000e+000 0.000000000e+000 -7.190940380e-011 
d 3.000000000e-001 3.000000000e-001 1.042780653e-010 0.000000000e+000 0.000000000e+000 -1.042780653e-010 
d 3.100000000e-001 3.100000000e-001 1.514164915e-010 0.000000000e+000 0.000000000e+000 -1.514164915e-010 
d 3.200000000e-001 3.200000000e-001 2.201071194e-010 0.000000000e+000 0.000000000e+000 -2.201071194e-010 
d 3.300000000e-001 3.300000000e-001 3.202537579e-010 0.000000000e+000 0.000000000e+000 -3.202537579e-010 
d 3.400000000e-001 3.400000000e-001 4.663171392e-010 0.000000000e+000 0.000000000e+000 -4.663171392e-010 
d 3.500000000e-001 3.500000000e-001 6.794083399e-010 0.000000000e+000 0.000000000e+000 -6.794083399e-010 
d 3.600000000e-001 3.600000000e-001 9.903390609e-010 0.000000000e+000 0.000000000e+000 -9.903390609e-010 
d 3.700000000e-001 3.700000000e-001 1.444061175e-009 0.000000000e+000 0.000000000e+000 -1.444061175e-009 
d 3.800000000e-001 3.800000000e-001 2.106118393e-009 0.000000000e+000 0.000000000e+000 -2.106118393e-009 
d 3.900000000e-001 3.900000000e-001 3.072002153e-009 0.000000000e+000 0.000000000e+000 -3.072002153e-009 
d 4.000000000e-001 4.000000000e-001 4.480679057e-009 0.000000000e+000 0.000000000e+000 -4.480679057e-009 
d 4.100000000e-001 4.100000000e-001 6.534068945e-009 0.000000000e+000 0.000000000e+000 -6.534068945e-009 
d 4.200000000e-001 4.200000000e-001 9.524927591e-009 0.000000000e+000 0.000000000e+000 -9.524927591e-009 
d 4.300000000e-001 4.300000000e-001 1.387642958e-008 0.000000000e+000 0.000000000e+000 -1.387642958e-008 
d 4.400000000e-001 4.400000000e-001 2.019769486e-008 0.000000000e+000 0.000000000e+000 -2.019769486e-008 
d 4.500000000e-001 4.500000000e-001 2.936035423e-008 0.000000000e+000 0.000000000e+000 -2.936035423e-008 
d 4.600000000e-001 4.600000000e-001 4.260153716e-008 0.000000000e+000 0.000000000e+000 -4.260153716e-008 
d 4.700000000e-001 4.700000000e-001 6.165736900e-008 0.000000000e+000 0.000000000e+000 -6.165736900e-008 
d 4.800000000e-001 4.800000000e-001 8.892664716e-008 0.000000000e+000 0.000000000e+000 -8.892664716e-008 
d 4.900000000e-001 4.900000000e-001 1.276546703e-007 0.000000000e+000 0.000000000e+000 -1.276546703e-007 
d 5.000000000e-001 5.000000000e-001 1.821105379e-007 0.000000000e+000 0.000000000e+000 -1.821105379e-007 
d 5.100000000e-001 5.100000000e-001 2.577093777e-007 0.000000000e+000 0.000000000e+000 -2.577093777e-007 
d 5.200000000e-001 5.200000000e-001 3.610127614e-007 0.000000000e+000 0.000000000e+000 -3.610127614e-007 
d 5.300000000e-001 5.300000000e-001 4.995438348e-007 0.000000000e+000 0.000000000e+000 -4.995438348e-007 
d 5.400000000e-001 5.400000000e-001 6.813959261e-007 0.000000000e+000 0.000000000e+000 -6.813959260e-007 
d 5.500000000e-001 5.500000000e-001 9.146897853e-007 0.000000000e+000 0.000000000e+000 -9.146897852e-007 
d 5.600000000e-001 5.600000000e-001 1.207007136e-006 0.000000000e+000 0.000000000e+000 -1.207007136e-006 
d 5.700000000e-001 5.700000000e-001 1.564942787e-006 0.000000000e+000 0.000000000e+000 -1.564942787e-006 
d 5.800000000e-001 5.800000000e-001 1.993862280e-006 0.000000000e+000 0.000000000e+000 -1.993862280e-006 
d 5.900000000e-001 5.900000000e-001 2.497877197e-006 0.000000000e+000 0.000000000e+000 -2.497877197e-006 
d 6.000000000e-001 6.000000000e-001 3.079941630e-006 0.000000000e+000 0.000000000e+000 -3.079941630e-006 
d 6.100000000e-001 6.100000000e-001 3.742057097e-006 0.000000000e+000 0.000000000e+000 -3.742057097e-006 
d 6.200000000e-001 6.200000000e-001 4.485441194e-006 0.000000000e+000 0.000000000e+000 -4.485441194e-006 
d 6.300000000e-001 6.300000000e-001 5.310732273e-006 0.000000000e+000 0.000000000e+000 -5.310732273e-006 
d 6.400000000e-001 6.400000000e-001 6.218042614e-006 0.000000000e+000 0.000000000e+000 -6.218042614e-006 
d 6.500000000e-001 6.500000000e-001 7.207197702e-006 0.000000000e+000 0.000000000e+000 -7.207197702e-006 
d 6.600000000e-001 6.600000000e-001 8.277692540e-006 0.000000000e+000 0.000000000e+000 -8.277692540e-006 
d 6.700000000e-001 6.700000000e-001 9.428738675e-006 0.000000000e+000 0.000000000e+000 -9.428738675e-006 
d 6.800000000e-001 6.800000000e-001 1.065941743e-005 0.000000000e+000 0.000000000e+000 -1.065941743e-005 
d 6.900000000e-001 6.900000000e-001 1.196863195e-005 0.000000000e+000 0.000000000e+000 -1.196863195e-005 
d 7.000000000e-001 7.000000000e-001 1.335512049e-005 0.000000000e+000 0.000000000e+000 -1.335512049e-005 
d 7.100000000e-001 7.100000000e-001 1.481748907e-005 0.000000000e+000 0.000000000e+000 -1.481748907e-005 
d 7.200000000e-001 7.200000000e-001 1.635419623e-005 0.000000000e+000 0.000000000e+000 -1.635419623e-005 
d 7.300000000e-001 7.300000000e-001 1.796362595e-005 0.000000000e+000 0.000000000e+000 -1.796362595e-005 
d 7.400000000e-001 7.400000000e-001 1.964409477e-005 0.000000000e+000 0.000000000e+000 -1.964409477e-005 
d 7.500000000e-001 7.500000000e-001 2.139379570e-005 0.000000000e+000 0.000000000e+000 -2.139379570e-005 
d 7.600000000e-001 7.600000000e-001 2.321083761e-005 0.000000000e+000 0.000000000e+000 -2.321083761e-005 
d 7.700000000e-001 7.700000000e-001 2.509325148e-005 0.000000000e+000 0.000000000e+000 -2.509325148e-005 
d 7.800000000e-001 7.800000000e-001 2.703899606e-005 0.000000000e+000 0.000000000e+000 -2.703899606e-005 
d 7.900000000e-001 7.900000000e-001 2.904596331e-005 0.000000000e+000 0.000000000e+000 -2.904596331e-005 
d 8.000000000e-001 8.000000000e-001 3.111198350e-005 0.000000000e+000 0.000000000e+000 -3.111198350e-005 
d 8.100000000e-001 8.100000000e-001 3.323483018e-005 0.000000000e+000 0.000000000e+000 -3.323483018e-005 
d 8.200000000e-001 8.200000000e-001 3.541227423e-005 0.000000000e+000 0.000000000e+000 -3.541227423e-005 
d 8.300000000e-001 8.300000000e-001 3.764201430e-005 0.000000000e+000 0.000000000e+000 -3.764201430e-005 
d 8.400000000e-001 8.400000000e-001 3.992166917e-005 0.000000000e+000 0.000000000e+000 -3.992166917e-005 
d 8.500000000e-001 8.500000000e-001 4.224884166e-005 0.000000000e+000 0.000000000e+000 -4.224884166e-005 
d 8.600000000e-001 8.600000000e-001 4.462110213e-005 0.000000000e+000 0.000000000e+000 -4.462110213e-005 
d 8.700000000e-001 8.700000000e-001 4.703599335e-005 0.000000000e+000 0.000000000e+000 -4.703599335e-005 
d 8.800000000e-001 8.800000000e-001 4.949103546e-005 0.000000000e+000 0.000000000e+000 -4.949103546e-005 
d 8.900000000e-001 8.900000000e-001 5.198373101e-005 0.000000000e+000 0.000000000e+000 -5.198373101e-005 
d 9.000000000e-001 9.000000000e-001 5.451157011e-005 0.000000000e+000 0.000000000e+000 -5.451157011e-005 
d 9.100000000e-001 9.100000000e-001 5.707203569e-005 0.000000000e+000 0.000000000e+000 -5.707203569e-005 
d 9.200000000e-001 9.200000000e-001 5.966260889e-005 0.000000000e+000 0.000000000e+000 -5.966260889e-005 
d 9.300000000e-001 9.300000000e-001 6.228077454e-005 0.000000000e+000 0.000000000e+000 -6.228077454e-005 
d 9.400000000e-001 9.400000000e-001 6.492402671e-005 0.000000000e+000 0.000000000e+000 -6.492402671e-005 
d 9.500000000e-001 9.500000000e-001 6.758987439e-005 0.000000000e+000 0.000000000e+000 -6.758987439e-005 
d 9.600000000e-001 9.600000000e-001 7.027584723e-005 0.000000000e+000 0.000000000e+000 -7.027584723e-005 
d 9.700000000e-001 9.700000000e-001 7.297950122e-005 0.000000000e+000 0.000000000e+000 -7.297950122e-005 
d 9.800000000e-001 9.800000000e-001 7.569842454e-005 0.000000000e+000 0.000000000e+000 -7.569842454e-005 
d 9.900000000e-001 9.900000000e-001 7.843024320e-005 0.000000000e+000 0.000000000e+000 -7.843024320e-005 
d 1.000000000e+000 1.000000000e+000 8.117262678e-005 0.000000000e+000 0.000000000e+000 -8.117262678e-005 
