v ATLAS
# This file was created by ATLAS version 5.20.2.R on Fri Feb 26 15:26:37 2021.
#SSF 2.0 generic
##############################################################################
#                    Copyright (c) 1984 - 2015                               #
#                    Silvaco Inc. All rights reserved                        #
#                                                                            #
# This file format and the following Key are copyright Silvaco Inc.          #
# You may not use, this format or key without reproducing this message in    #
# full and obtaining express written permission from Silvaco Inc.            #
#                                                                            #
# To obtain such permission please contact: Silvaco Inc.                     #
#                                           support@silvaco.com              #
#                                                                            #
# KEY=SVC86hn7562asdx                       PROD=345                         #
##############################################################################
y 1 15
z 300
f 2 "Anode" "cathode" 
p 13 40 2 20 3 21 3000000 2000000 3001000 2001000 3000001 2000001 3001001 2001001 
Q 3000000 3 "Mhos/um" 
Q 2000000 3 "F/um" 
Q 3001000 3 "Mhos/um" 
Q 2001000 3 "F/um" 
Q 3000001 3 "Mhos/um" 
Q 2000001 3 "F/um" 
Q 3001001 3 "Mhos/um" 
Q 2001001 3 "F/um" 
d 1.000000000e+003 2.000000000e+000 3.437729933e-004 -2.000000000e+000 -3.437729933e-004 -1.110720211e-005 -5.193053900e-015 1.110720211e-005 5.193053900e-015 1.110720211e-005 5.193053900e-015 -1.110720211e-005 -5.193053900e-015 
d 1.000000000e+003 2.000000000e+000 3.413934611e-004 -1.800000000e+000 -3.413934611e-004 -1.276382913e-005 -5.558734453e-015 1.276382913e-005 5.558734453e-015 1.276382913e-005 5.558734453e-015 -1.276382913e-005 -5.558734453e-015 
d 1.000000000e+003 2.000000000e+000 3.386317878e-004 -1.600000000e+000 -3.386317876e-004 -1.495768622e-005 -5.951779004e-015 1.495768622e-005 5.951779004e-015 1.495768622e-005 5.951779004e-015 -1.495768622e-005 -5.951779004e-015 
d 1.000000000e+003 2.000000000e+000 3.353607058e-004 -1.400000000e+000 -3.353607055e-004 -1.789980372e-005 -6.367698115e-015 1.789980372e-005 6.367698115e-015 1.789980372e-005 6.367698115e-015 -1.789980372e-005 -6.367698115e-015 
d 1.000000000e+003 2.000000000e+000 3.314020632e-004 -1.200000000e+000 -3.314020626e-004 -2.189312312e-005 -6.793861584e-015 2.189312312e-005 6.793861584e-015 2.189312312e-005 6.793861584e-015 -2.189312312e-005 -6.793861584e-015 
d 1.000000000e+003 2.000000000e+000 3.265052672e-004 -1.000000000e+000 -3.265052662e-004 -2.736436246e-005 -7.202126920e-015 2.736436246e-005 7.202126920e-015 2.736436246e-005 7.202126920e-015 -2.736436246e-005 -7.202126920e-015 
d 1.000000000e+003 2.000000000e+000 3.203198066e-004 -8.000000000e-001 -3.203198047e-004 -3.488816390e-005 -7.536138466e-015 3.488816390e-005 7.536138466e-015 3.488816390e-005 7.536138466e-015 -3.488816390e-005 -7.536138466e-015 
d 1.000000000e+003 2.000000000e+000 3.123658792e-004 -6.000000000e-001 -3.123658756e-004 -4.517613755e-005 -7.690473307e-015 4.517613755e-005 7.690473307e-015 4.517613755e-005 7.690473307e-015 -4.517613755e-005 -7.690473307e-015 
d 1.000000000e+003 2.000000000e+000 3.020134359e-004 -4.000000000e-001 -3.020134293e-004 -5.900080244e-005 -7.477118923e-015 5.900080244e-005 7.477118923e-015 5.900080244e-005 7.477118923e-015 -5.900080244e-005 -7.477118923e-015 
d 1.000000000e+003 2.000000000e+000 2.884815927e-004 -2.000000000e-001 -2.884815823e-004 -7.708179815e-005 -6.569085732e-015 7.708179815e-005 6.569085732e-015 7.708179815e-005 6.569085732e-015 -7.708179815e-005 -6.569085732e-015 
d 1.000000000e+003 2.000000000e+000 2.708537701e-004 1.377673865e-016 -2.708537571e-004 -1.000708554e-004 -4.397494257e-015 1.000708554e-004 4.397494257e-015 1.000708554e-004 4.397494257e-015 -1.000708554e-004 -4.397494257e-015 
d 1.000000000e+003 2.000000000e+000 2.480748441e-004 2.000000000e-001 -2.480748322e-004 -1.287521787e-004 4.634015302e-017 1.287521787e-004 -4.634015302e-017 1.287521787e-004 -4.634015301e-017 -1.287521787e-004 4.634015301e-017 
d 1.000000000e+003 2.000000000e+000 2.188917748e-004 4.000000000e-001 -2.188917676e-004 -1.643684164e-004 8.618869792e-015 1.643684164e-004 -8.618869792e-015 1.643684164e-004 -8.618869792e-015 -1.643684164e-004 8.618869792e-015 
d 1.000000000e+003 2.000000000e+000 1.817657636e-004 6.000000000e-001 -1.817657619e-004 -2.083015037e-004 2.472783408e-014 2.083015037e-004 -2.472783408e-014 2.083015037e-004 -2.472783408e-014 -2.083015037e-004 2.472783408e-014 
d 1.000000000e+003 2.000000000e+000 1.352459512e-004 8.000000000e-001 -1.352459538e-004 -2.561520871e-004 5.205698872e-014 2.561520871e-004 -5.205698872e-014 2.561520871e-004 -5.205698872e-014 -2.561520871e-004 5.205698872e-014 
d 1.000000000e+003 2.000000000e+000 8.117262678e-005 1.000000000e+000 -8.117262678e-005 -2.746901221e-004 7.901113652e-014 2.746901221e-004 -7.901113652e-014 2.746901221e-004 -7.901113652e-014 -2.746901221e-004 7.901113652e-014 
d 1.000000000e+003 2.000000000e+000 3.111198354e-005 1.200000000e+000 -3.111198354e-005 -2.094808992e-004 6.766965797e-014 2.094808992e-004 -6.766965797e-014 2.094808992e-004 -6.766965797e-014 -2.094808992e-004 6.766965797e-014 
d 1.000000000e+003 2.000000000e+000 3.079941629e-006 1.400000000e+000 -3.079941629e-006 -6.218337199e-005 3.849234362e-015 6.218337199e-005 -3.849234362e-015 6.218337199e-005 -3.849234362e-015 -6.218337199e-005 3.849234362e-015 
d 1.000000000e+003 2.000000000e+000 4.480679057e-009 1.600000000e+000 -4.480679057e-009 -1.690908007e-007 -2.052924353e-015 1.690908007e-007 2.052924353e-015 1.690908007e-007 2.052924353e-015 -1.690908007e-007 -2.052924353e-015 
d 1.000000000e+003 2.000000000e+000 2.829529788e-012 1.800000000e+000 -2.829529824e-012 -9.697750840e-011 -1.244517948e-015 9.697750531e-011 1.244517948e-015 9.697750524e-011 1.244517948e-015 -9.697751941e-011 -1.244517948e-015 
d 1.000000000e+003 2.000000000e+000 8.617740647e-021 2.000000000e+000 4.528138291e-020 -3.059219388e-013 -9.850189725e-016 3.059199217e-013 9.850189725e-016 3.059198751e-013 9.850189725e-016 -3.059306940e-013 -9.850189725e-016 
d 1.000000000e+003 2.000000000e+000 -2.812897243e-014 2.200000000e+000 2.812888082e-014 -1.002673178e-013 -8.405682523e-016 1.002649874e-013 8.405682523e-016 1.002649815e-013 8.405682523e-016 -1.002778037e-013 -8.405682523e-016 
d 1.000000000e+003 2.000000000e+000 -4.685660514e-014 2.400000000e+000 4.685656907e-014 -8.830462917e-014 -7.453607420e-016 8.830334898e-014 7.453607420e-016 8.830340173e-014 7.453607420e-016 -8.831347024e-014 -7.453607420e-016 
d 1.000000000e+003 2.000000000e+000 -6.364287724e-014 2.600000000e+000 6.364304380e-014 -8.021271429e-014 -6.765665024e-016 8.021053639e-014 6.765665024e-016 8.021054832e-014 6.765665024e-016 -8.022260147e-014 -6.765665024e-016 
d 1.000000000e+003 2.000000000e+000 -7.901645446e-014 2.800000000e+000 7.901654905e-014 -7.406371020e-014 -6.238685562e-016 7.406257051e-014 6.238685562e-016 7.406253782e-014 6.238685562e-016 -7.407258493e-014 -6.238685562e-016 
d 1.000000000e+003 2.000000000e+000 -9.329171002e-014 3.000000000e+000 9.329149702e-014 -6.914059768e-014 -5.818329384e-016 6.913930117e-014 5.818329384e-016 6.913933141e-014 5.818329384e-016 -6.915135047e-014 -5.818329384e-016 
d 1.000000000e+003 2.000000000e+000 -1.066804914e-013 3.200000000e+000 1.066803651e-013 -6.509380865e-014 -5.472897543e-016 6.509301710e-014 5.472897543e-016 6.509304664e-014 5.472897543e-016 -6.510357497e-014 -5.472897543e-016 
d 1.000000000e+003 2.000000000e+000 -1.193433883e-013 3.400000000e+000 1.193434914e-013 -6.162993507e-014 -5.182489530e-016 6.162896044e-014 5.182489530e-016 6.162897946e-014 5.182489530e-016 -6.163633262e-014 -5.182489530e-016 
d 1.000000000e+003 2.000000000e+000 -1.313968220e-013 3.600000000e+000 1.313969025e-013 -5.875780836e-014 -4.933899926e-016 5.875623388e-014 4.933899926e-016 5.875621483e-014 4.933899926e-016 -5.876509030e-014 -4.933899926e-016 
d 1.000000000e+003 2.000000000e+000 -1.429216703e-013 3.800000000e+000 1.429216754e-013 -5.649133267e-014 -4.717979400e-016 5.649028879e-014 4.717979400e-016 5.649029850e-014 4.717979400e-016 -5.649810521e-014 -4.717979400e-016 
d 1.000000000e+003 2.000000000e+000 -1.539882628e-013 4.000000000e+000 1.539881456e-013 -5.441380725e-014 -4.528169019e-016 5.441305552e-014 4.528169019e-016 5.441304278e-014 4.528169019e-016 -5.441600782e-014 -4.528169019e-016 
